<?xml version="1.0" encoding="UTF-8"?>
<coverage generated="1780594553078" clover="3.2.0">
  <project timestamp="1780594553078" name="All files">
    <metrics statements="416" coveredstatements="392" conditionals="129" coveredconditionals="107" methods="158" coveredmethods="146" elements="703" coveredelements="645" complexity="0" loc="416" ncloc="416" packages="16" files="31" classes="31"/>
    <package name="src">
      <metrics statements="8" coveredstatements="6" conditionals="14" coveredconditionals="8" methods="2" coveredmethods="1"/>
      <file name="config.ts" path="/Users/faustinoduran/Documents/Proyectos/carniceria-pos/services/backend/src/config.ts">
        <metrics statements="3" coveredstatements="3" conditionals="14" coveredconditionals="8" methods="0" coveredmethods="0"/>
        <line num="3" count="9" type="cond" truecount="1" falsecount="1"/>
        <line num="4" count="9" type="stmt"/>
        <line num="6" count="9" type="stmt"/>
      </file>
      <file name="db.ts" path="/Users/faustinoduran/Documents/Proyectos/carniceria-pos/services/backend/src/db.ts">
        <metrics statements="5" coveredstatements="3" conditionals="0" coveredconditionals="0" methods="2" coveredmethods="1"/>
        <line num="5" count="299" type="stmt"/>
        <line num="7" count="9" type="stmt"/>
        <line num="9" count="9" type="stmt"/>
        <line num="10" count="0" type="stmt"/>
        <line num="11" count="0" type="stmt"/>
      </file>
    </package>
    <package name="src.__tests__.helpers">
      <metrics statements="21" coveredstatements="19" conditionals="6" coveredconditionals="6" methods="11" coveredmethods="11"/>
      <file name="cleanDatabase.ts" path="/Users/faustinoduran/Documents/Proyectos/carniceria-pos/services/backend/src/__tests__/helpers/cleanDatabase.ts">
        <metrics statements="4" coveredstatements="2" conditionals="0" coveredconditionals="0" methods="1" coveredmethods="1"/>
        <line num="4" count="78" type="stmt"/>
        <line num="5" count="78" type="stmt"/>
        <line num="17" count="0" type="stmt"/>
        <line num="18" count="0" type="stmt"/>
      </file>
      <file name="createTestData.ts" path="/Users/faustinoduran/Documents/Proyectos/carniceria-pos/services/backend/src/__tests__/helpers/createTestData.ts">
        <metrics statements="17" coveredstatements="17" conditionals="6" coveredconditionals="6" methods="10" coveredmethods="10"/>
        <line num="24" count="33" type="stmt"/>
        <line num="31" count="33" type="stmt"/>
        <line num="35" count="40" type="stmt"/>
        <line num="41" count="40" type="stmt"/>
        <line num="45" count="15" type="stmt"/>
        <line num="51" count="15" type="stmt"/>
        <line num="58" count="11" type="stmt"/>
        <line num="65" count="26" type="stmt"/>
        <line num="68" count="26" type="stmt"/>
        <line num="72" count="10" type="stmt"/>
        <line num="78" count="10" type="stmt"/>
        <line num="82" count="13" type="stmt"/>
        <line num="87" count="13" type="stmt"/>
        <line num="91" count="6" type="stmt"/>
        <line num="98" count="6" type="stmt"/>
        <line num="102" count="3" type="stmt"/>
        <line num="104" count="2" type="stmt"/>
      </file>
    </package>
    <package name="src.__tests__.unit">
      <metrics statements="25" coveredstatements="25" conditionals="1" coveredconditionals="1" methods="9" coveredmethods="9"/>
      <file name="mocks.ts" path="/Users/faustinoduran/Documents/Proyectos/carniceria-pos/services/backend/src/__tests__/unit/mocks.ts">
        <metrics statements="25" coveredstatements="25" conditionals="1" coveredconditionals="1" methods="9" coveredmethods="9"/>
        <line num="15" count="2" type="stmt"/>
        <line num="16" count="2" type="stmt"/>
        <line num="27" count="2" type="stmt"/>
        <line num="28" count="4" type="stmt"/>
        <line num="39" count="2" type="stmt"/>
        <line num="40" count="2" type="stmt"/>
        <line num="46" count="2" type="stmt"/>
        <line num="47" count="10" type="stmt"/>
        <line num="60" count="2" type="stmt"/>
        <line num="61" count="2" type="stmt"/>
        <line num="76" count="2" type="stmt"/>
        <line num="77" count="2" type="stmt"/>
        <line num="88" count="2" type="stmt"/>
        <line num="90" count="2" type="stmt"/>
        <line num="101" count="2" type="stmt"/>
        <line num="102" count="6" type="stmt"/>
        <line num="115" count="2" type="stmt"/>
        <line num="117" count="2" type="stmt"/>
        <line num="123" count="2" type="cond" truecount="1" falsecount="0"/>
        <line num="124" count="4" type="stmt"/>
        <line num="132" count="2" type="stmt"/>
        <line num="133" count="5" type="stmt"/>
        <line num="140" count="2" type="stmt"/>
        <line num="141" count="4" type="stmt"/>
        <line num="152" count="2" type="stmt"/>
      </file>
    </package>
    <package name="src.features.closes">
      <metrics statements="25" coveredstatements="24" conditionals="16" coveredconditionals="14" methods="6" coveredmethods="6"/>
      <file name="close.repository.ts" path="/Users/faustinoduran/Documents/Proyectos/carniceria-pos/services/backend/src/features/closes/close.repository.ts">
        <metrics statements="25" coveredstatements="24" conditionals="16" coveredconditionals="14" methods="6" coveredmethods="6"/>
        <line num="16" count="26" type="stmt"/>
        <line num="20" count="26" type="stmt"/>
        <line num="24" count="3" type="stmt"/>
        <line num="25" count="3" type="stmt"/>
        <line num="28" count="3" type="cond" truecount="2" falsecount="0"/>
        <line num="29" count="1" type="stmt"/>
        <line num="30" count="1" type="stmt"/>
        <line num="32" count="3" type="cond" truecount="1" falsecount="1"/>
        <line num="33" count="0" type="stmt"/>
        <line num="34" count="3" type="cond" truecount="2" falsecount="0"/>
        <line num="35" count="1" type="stmt"/>
        <line num="36" count="1" type="stmt"/>
        <line num="39" count="3" type="cond" truecount="2" falsecount="0"/>
        <line num="41" count="3" type="stmt"/>
        <line num="44" count="4" type="stmt"/>
        <line num="48" count="1" type="stmt"/>
        <line num="52" count="1" type="cond" truecount="1" falsecount="1"/>
        <line num="53" count="1" type="stmt"/>
        <line num="57" count="2" type="stmt"/>
        <line num="60" count="2" type="cond" truecount="2" falsecount="0"/>
        <line num="61" count="1" type="stmt"/>
        <line num="65" count="10" type="cond" truecount="2" falsecount="0"/>
        <line num="66" count="10" type="stmt"/>
        <line num="70" count="10" type="cond" truecount="2" falsecount="0"/>
        <line num="74" count="6" type="stmt"/>
      </file>
    </package>
    <package name="src.features.closes.models">
      <metrics statements="26" coveredstatements="25" conditionals="0" coveredconditionals="0" methods="15" coveredmethods="14"/>
      <file name="close.model.ts" path="/Users/faustinoduran/Documents/Proyectos/carniceria-pos/services/backend/src/features/closes/models/close.model.ts">
        <metrics statements="14" coveredstatements="13" conditionals="0" coveredconditionals="0" methods="8" coveredmethods="7"/>
        <line num="12" count="47" type="stmt"/>
        <line num="14" count="47" type="stmt"/>
        <line num="15" count="47" type="stmt"/>
        <line num="16" count="47" type="stmt"/>
        <line num="17" count="47" type="stmt"/>
        <line num="18" count="47" type="stmt"/>
        <line num="19" count="47" type="stmt"/>
        <line num="22" count="53" type="stmt"/>
        <line num="23" count="1" type="stmt"/>
        <line num="24" count="2" type="stmt"/>
        <line num="25" count="1" type="stmt"/>
        <line num="26" count="1" type="stmt"/>
        <line num="27" count="0" type="stmt"/>
        <line num="28" count="1" type="stmt"/>
      </file>
      <file name="finishClose.model.ts" path="/Users/faustinoduran/Documents/Proyectos/carniceria-pos/services/backend/src/features/closes/models/finishClose.model.ts">
        <metrics statements="9" coveredstatements="9" conditionals="0" coveredconditionals="0" methods="5" coveredmethods="5"/>
        <line num="11" count="10" type="stmt"/>
        <line num="13" count="10" type="stmt"/>
        <line num="14" count="10" type="stmt"/>
        <line num="15" count="10" type="stmt"/>
        <line num="16" count="10" type="stmt"/>
        <line num="19" count="10" type="stmt"/>
        <line num="20" count="10" type="stmt"/>
        <line num="21" count="10" type="stmt"/>
        <line num="22" count="10" type="stmt"/>
      </file>
      <file name="openClose.model.ts" path="/Users/faustinoduran/Documents/Proyectos/carniceria-pos/services/backend/src/features/closes/models/openClose.model.ts">
        <metrics statements="3" coveredstatements="3" conditionals="0" coveredconditionals="0" methods="2" coveredmethods="2"/>
        <line num="8" count="26" type="stmt"/>
        <line num="10" count="26" type="stmt"/>
        <line num="13" count="26" type="stmt"/>
      </file>
    </package>
    <package name="src.features.customers">
      <metrics statements="40" coveredstatements="38" conditionals="20" coveredconditionals="15" methods="11" coveredmethods="10"/>
      <file name="customer.repository.ts" path="/Users/faustinoduran/Documents/Proyectos/carniceria-pos/services/backend/src/features/customers/customer.repository.ts">
        <metrics statements="21" coveredstatements="19" conditionals="10" coveredconditionals="6" methods="7" coveredmethods="6"/>
        <line num="14" count="4" type="stmt"/>
        <line num="15" count="4" type="stmt"/>
        <line num="18" count="4" type="cond" truecount="2" falsecount="0"/>
        <line num="19" count="2" type="stmt"/>
        <line num="20" count="2" type="stmt"/>
        <line num="23" count="4" type="stmt"/>
        <line num="25" count="4" type="stmt"/>
        <line num="29" count="4" type="stmt"/>
        <line num="33" count="2" type="stmt"/>
        <line num="37" count="2" type="cond" truecount="2" falsecount="0"/>
        <line num="38" count="1" type="stmt"/>
        <line num="43" count="1" type="stmt"/>
        <line num="47" count="1" type="cond" truecount="1" falsecount="1"/>
        <line num="48" count="1" type="stmt"/>
        <line num="53" count="33" type="stmt"/>
        <line num="57" count="33" type="stmt"/>
        <line num="61" count="3" type="stmt"/>
        <line num="65" count="3" type="cond" truecount="1" falsecount="1"/>
        <line num="70" count="0" type="stmt"/>
        <line num="74" count="0" type="cond" truecount="0" falsecount="2"/>
        <line num="80" count="7" type="stmt"/>
      </file>
      <file name="customer.service.ts" path="/Users/faustinoduran/Documents/Proyectos/carniceria-pos/services/backend/src/features/customers/customer.service.ts">
        <metrics statements="19" coveredstatements="19" conditionals="10" coveredconditionals="9" methods="4" coveredmethods="4"/>
        <line num="10" count="2" type="stmt"/>
        <line num="12" count="2" type="cond" truecount="1" falsecount="1"/>
        <line num="13" count="2" type="stmt"/>
        <line num="14" count="2" type="cond" truecount="2" falsecount="0"/>
        <line num="15" count="1" type="stmt"/>
        <line num="18" count="1" type="stmt"/>
        <line num="22" count="3" type="stmt"/>
        <line num="25" count="2" type="stmt"/>
        <line num="27" count="2" type="cond" truecount="2" falsecount="0"/>
        <line num="28" count="1" type="stmt"/>
        <line num="30" count="1" type="stmt"/>
        <line num="33" count="3" type="stmt"/>
        <line num="35" count="3" type="cond" truecount="2" falsecount="0"/>
        <line num="36" count="1" type="stmt"/>
        <line num="39" count="2" type="stmt"/>
        <line num="41" count="2" type="cond" truecount="2" falsecount="0"/>
        <line num="42" count="1" type="stmt"/>
        <line num="44" count="1" type="stmt"/>
        <line num="48" count="1" type="stmt"/>
      </file>
    </package>
    <package name="src.features.customers.models">
      <metrics statements="24" coveredstatements="24" conditionals="0" coveredconditionals="0" methods="13" coveredmethods="13"/>
      <file name="customer.dto.ts" path="/Users/faustinoduran/Documents/Proyectos/carniceria-pos/services/backend/src/features/customers/models/customer.dto.ts">
        <metrics statements="9" coveredstatements="9" conditionals="0" coveredconditionals="0" methods="5" coveredmethods="5"/>
        <line num="11" count="37" type="stmt"/>
        <line num="14" count="37" type="stmt"/>
        <line num="15" count="37" type="stmt"/>
        <line num="16" count="37" type="stmt"/>
        <line num="17" count="37" type="stmt"/>
        <line num="20" count="35" type="stmt"/>
        <line num="21" count="35" type="stmt"/>
        <line num="22" count="35" type="stmt"/>
        <line num="23" count="39" type="stmt"/>
      </file>
      <file name="customer.model.ts" path="/Users/faustinoduran/Documents/Proyectos/carniceria-pos/services/backend/src/features/customers/models/customer.model.ts">
        <metrics statements="15" coveredstatements="15" conditionals="0" coveredconditionals="0" methods="8" coveredmethods="8"/>
        <line num="14" count="41" type="stmt"/>
        <line num="16" count="41" type="stmt"/>
        <line num="17" count="41" type="stmt"/>
        <line num="18" count="41" type="stmt"/>
        <line num="19" count="41" type="stmt"/>
        <line num="20" count="41" type="stmt"/>
        <line num="21" count="41" type="stmt"/>
        <line num="22" count="41" type="stmt"/>
        <line num="25" count="6" type="stmt"/>
        <line num="26" count="2" type="stmt"/>
        <line num="27" count="2" type="stmt"/>
        <line num="28" count="6" type="stmt"/>
        <line num="29" count="33" type="stmt"/>
        <line num="30" count="1" type="stmt"/>
        <line num="31" count="1" type="stmt"/>
      </file>
    </package>
    <package name="src.features.debts">
      <metrics statements="60" coveredstatements="57" conditionals="32" coveredconditionals="29" methods="13" coveredmethods="12"/>
      <file name="debt.repository.ts" path="/Users/faustinoduran/Documents/Proyectos/carniceria-pos/services/backend/src/features/debts/debt.repository.ts">
        <metrics statements="42" coveredstatements="41" conditionals="22" coveredconditionals="20" methods="8" coveredmethods="8"/>
        <line num="38" count="8" type="stmt"/>
        <line num="39" count="8" type="stmt"/>
        <line num="41" count="8" type="cond" truecount="2" falsecount="0"/>
        <line num="42" count="1" type="stmt"/>
        <line num="43" count="1" type="stmt"/>
        <line num="46" count="8" type="cond" truecount="2" falsecount="0"/>
        <line num="47" count="2" type="stmt"/>
        <line num="48" count="2" type="stmt"/>
        <line num="51" count="8" type="cond" truecount="2" falsecount="0"/>
        <line num="52" count="4" type="stmt"/>
        <line num="53" count="4" type="stmt"/>
        <line num="56" count="8" type="cond" truecount="2" falsecount="0"/>
        <line num="58" count="8" type="stmt"/>
        <line num="61" count="9" type="stmt"/>
        <line num="65" count="15" type="stmt"/>
        <line num="70" count="15" type="stmt"/>
        <line num="74" count="11" type="stmt"/>
        <line num="79" count="11" type="cond" truecount="2" falsecount="0"/>
        <line num="80" count="1" type="stmt"/>
        <line num="83" count="10" type="stmt"/>
        <line num="87" count="8" type="stmt"/>
        <line num="95" count="8" type="cond" truecount="1" falsecount="1"/>
        <line num="96" count="0" type="stmt"/>
        <line num="99" count="8" type="stmt"/>
        <line num="103" count="8" type="stmt"/>
        <line num="110" count="8" type="stmt"/>
        <line num="114" count="5" type="stmt"/>
        <line num="115" count="5" type="stmt"/>
        <line num="117" count="5" type="cond" truecount="2" falsecount="0"/>
        <line num="118" count="1" type="stmt"/>
        <line num="119" count="1" type="stmt"/>
        <line num="122" count="5" type="cond" truecount="2" falsecount="0"/>
        <line num="123" count="3" type="stmt"/>
        <line num="124" count="3" type="stmt"/>
        <line num="127" count="5" type="cond" truecount="2" falsecount="0"/>
        <line num="128" count="1" type="stmt"/>
        <line num="129" count="1" type="stmt"/>
        <line num="132" count="5" type="cond" truecount="1" falsecount="1"/>
        <line num="134" count="5" type="cond" truecount="2" falsecount="0"/>
        <line num="135" count="5" type="stmt"/>
        <line num="140" count="6" type="stmt"/>
        <line num="145" count="8" type="stmt"/>
      </file>
      <file name="debt.service.ts" path="/Users/faustinoduran/Documents/Proyectos/carniceria-pos/services/backend/src/features/debts/debt.service.ts">
        <metrics statements="18" coveredstatements="16" conditionals="10" coveredconditionals="9" methods="5" coveredmethods="4"/>
        <line num="12" count="1" type="stmt"/>
        <line num="13" count="1" type="stmt"/>
        <line num="17" count="1" type="stmt"/>
        <line num="21" count="16" type="stmt"/>
        <line num="23" count="16" type="stmt"/>
        <line num="24" count="16" type="stmt"/>
        <line num="25" count="16" type="cond" truecount="2" falsecount="0"/>
        <line num="26" count="2" type="stmt"/>
        <line num="29" count="14" type="cond" truecount="4" falsecount="0"/>
        <line num="30" count="4" type="stmt"/>
        <line num="33" count="10" type="stmt"/>
        <line num="34" count="10" type="cond" truecount="2" falsecount="0"/>
        <line num="36" count="16" type="stmt"/>
        <line num="46" count="10" type="cond" truecount="1" falsecount="1"/>
        <line num="47" count="0" type="stmt"/>
        <line num="50" count="10" type="stmt"/>
        <line num="55" count="0" type="stmt"/>
        <line num="59" count="2" type="stmt"/>
      </file>
    </package>
    <package name="src.features.debts.models">
      <metrics statements="42" coveredstatements="39" conditionals="0" coveredconditionals="0" methods="23" coveredmethods="20"/>
      <file name="debt.dto.ts" path="/Users/faustinoduran/Documents/Proyectos/carniceria-pos/services/backend/src/features/debts/models/debt.dto.ts">
        <metrics statements="7" coveredstatements="7" conditionals="0" coveredconditionals="0" methods="4" coveredmethods="4"/>
        <line num="10" count="18" type="stmt"/>
        <line num="12" count="18" type="stmt"/>
        <line num="13" count="18" type="stmt"/>
        <line num="14" count="18" type="stmt"/>
        <line num="17" count="16" type="stmt"/>
        <line num="18" count="16" type="stmt"/>
        <line num="19" count="16" type="stmt"/>
      </file>
      <file name="debt.model.ts" path="/Users/faustinoduran/Documents/Proyectos/carniceria-pos/services/backend/src/features/debts/models/debt.model.ts">
        <metrics statements="17" coveredstatements="15" conditionals="0" coveredconditionals="0" methods="9" coveredmethods="7"/>
        <line num="16" count="38" type="stmt"/>
        <line num="17" count="38" type="stmt"/>
        <line num="18" count="38" type="stmt"/>
        <line num="19" count="38" type="stmt"/>
        <line num="20" count="38" type="stmt"/>
        <line num="21" count="38" type="stmt"/>
        <line num="22" count="38" type="stmt"/>
        <line num="23" count="38" type="stmt"/>
        <line num="24" count="38" type="stmt"/>
        <line num="27" count="25" type="stmt"/>
        <line num="28" count="1" type="stmt"/>
        <line num="29" count="4" type="stmt"/>
        <line num="30" count="1" type="stmt"/>
        <line num="31" count="2" type="stmt"/>
        <line num="32" count="6" type="stmt"/>
        <line num="33" count="0" type="stmt"/>
        <line num="34" count="0" type="stmt"/>
      </file>
      <file name="debtPaymentEvent.model.ts" path="/Users/faustinoduran/Documents/Proyectos/carniceria-pos/services/backend/src/features/debts/models/debtPaymentEvent.model.ts">
        <metrics statements="13" coveredstatements="12" conditionals="0" coveredconditionals="0" methods="7" coveredmethods="6"/>
        <line num="12" count="18" type="stmt"/>
        <line num="14" count="18" type="stmt"/>
        <line num="15" count="18" type="stmt"/>
        <line num="16" count="18" type="stmt"/>
        <line num="17" count="18" type="stmt"/>
        <line num="18" count="18" type="stmt"/>
        <line num="19" count="18" type="stmt"/>
        <line num="22" count="3" type="stmt"/>
        <line num="23" count="3" type="stmt"/>
        <line num="24" count="1" type="stmt"/>
        <line num="25" count="1" type="stmt"/>
        <line num="26" count="2" type="stmt"/>
        <line num="27" count="0" type="stmt"/>
      </file>
      <file name="recordDebtPayment.model.ts" path="/Users/faustinoduran/Documents/Proyectos/carniceria-pos/services/backend/src/features/debts/models/recordDebtPayment.model.ts">
        <metrics statements="5" coveredstatements="5" conditionals="0" coveredconditionals="0" methods="3" coveredmethods="3"/>
        <line num="8" count="32" type="stmt"/>
        <line num="10" count="32" type="stmt"/>
        <line num="11" count="32" type="stmt"/>
        <line num="14" count="46" type="stmt"/>
        <line num="15" count="34" type="stmt"/>
      </file>
    </package>
    <package name="src.features.expenses">
      <metrics statements="25" coveredstatements="25" conditionals="18" coveredconditionals="16" methods="5" coveredmethods="5"/>
      <file name="expense.repository.ts" path="/Users/faustinoduran/Documents/Proyectos/carniceria-pos/services/backend/src/features/expenses/expense.repository.ts">
        <metrics statements="25" coveredstatements="25" conditionals="18" coveredconditionals="16" methods="5" coveredmethods="5"/>
        <line num="18" count="11" type="stmt"/>
        <line num="19" count="11" type="stmt"/>
        <line num="22" count="11" type="cond" truecount="2" falsecount="0"/>
        <line num="23" count="4" type="cond" truecount="2" falsecount="0"/>
        <line num="24" count="1" type="stmt"/>
        <line num="26" count="3" type="stmt"/>
        <line num="27" count="3" type="stmt"/>
        <line num="31" count="11" type="cond" truecount="2" falsecount="0"/>
        <line num="32" count="1" type="stmt"/>
        <line num="33" count="1" type="stmt"/>
        <line num="36" count="11" type="cond" truecount="2" falsecount="0"/>
        <line num="37" count="1" type="stmt"/>
        <line num="38" count="1" type="stmt"/>
        <line num="41" count="11" type="cond" truecount="2" falsecount="0"/>
        <line num="43" count="11" type="cond" truecount="2" falsecount="0"/>
        <line num="44" count="11" type="stmt"/>
        <line num="49" count="12" type="stmt"/>
        <line num="53" count="13" type="stmt"/>
        <line num="57" count="13" type="stmt"/>
        <line num="61" count="2" type="stmt"/>
        <line num="64" count="2" type="cond" truecount="1" falsecount="1"/>
        <line num="68" count="4" type="cond" truecount="2" falsecount="0"/>
        <line num="69" count="4" type="stmt"/>
        <line num="72" count="4" type="cond" truecount="1" falsecount="1"/>
        <line num="77" count="6" type="stmt"/>
      </file>
    </package>
    <package name="src.features.expenses.models">
      <metrics statements="20" coveredstatements="20" conditionals="0" coveredconditionals="0" methods="11" coveredmethods="11"/>
      <file name="expense.dto.ts" path="/Users/faustinoduran/Documents/Proyectos/carniceria-pos/services/backend/src/features/expenses/models/expense.dto.ts">
        <metrics statements="7" coveredstatements="7" conditionals="0" coveredconditionals="0" methods="4" coveredmethods="4"/>
        <line num="11" count="13" type="stmt"/>
        <line num="13" count="13" type="stmt"/>
        <line num="14" count="13" type="stmt"/>
        <line num="15" count="13" type="stmt"/>
        <line num="19" count="13" type="stmt"/>
        <line num="20" count="13" type="stmt"/>
        <line num="21" count="13" type="stmt"/>
      </file>
      <file name="expense.model.ts" path="/Users/faustinoduran/Documents/Proyectos/carniceria-pos/services/backend/src/features/expenses/models/expense.model.ts">
        <metrics statements="13" coveredstatements="13" conditionals="0" coveredconditionals="0" methods="7" coveredmethods="7"/>
        <line num="14" count="27" type="stmt"/>
        <line num="16" count="27" type="stmt"/>
        <line num="17" count="27" type="stmt"/>
        <line num="18" count="27" type="stmt"/>
        <line num="19" count="27" type="stmt"/>
        <line num="20" count="27" type="stmt"/>
        <line num="21" count="27" type="stmt"/>
        <line num="25" count="20" type="stmt"/>
        <line num="26" count="1" type="stmt"/>
        <line num="27" count="1" type="stmt"/>
        <line num="28" count="1" type="stmt"/>
        <line num="29" count="2" type="stmt"/>
        <line num="30" count="1" type="stmt"/>
      </file>
    </package>
    <package name="src.features.sale-details">
      <metrics statements="12" coveredstatements="11" conditionals="2" coveredconditionals="1" methods="5" coveredmethods="5"/>
      <file name="sale-detail.repository.ts" path="/Users/faustinoduran/Documents/Proyectos/carniceria-pos/services/backend/src/features/sale-details/sale-detail.repository.ts">
        <metrics statements="12" coveredstatements="11" conditionals="2" coveredconditionals="1" methods="5" coveredmethods="5"/>
        <line num="10" count="4" type="cond" truecount="1" falsecount="1"/>
        <line num="11" count="0" type="stmt"/>
        <line num="14" count="4" type="stmt"/>
        <line num="16" count="4" type="stmt"/>
        <line num="17" count="6" type="stmt"/>
        <line num="18" count="6" type="stmt"/>
        <line num="19" count="6" type="stmt"/>
        <line num="22" count="4" type="stmt"/>
        <line num="29" count="6" type="stmt"/>
        <line num="33" count="2" type="stmt"/>
        <line num="41" count="2" type="stmt"/>
        <line num="46" count="6" type="stmt"/>
      </file>
    </package>
    <package name="src.features.sale-details.models">
      <metrics statements="24" coveredstatements="20" conditionals="0" coveredconditionals="0" methods="13" coveredmethods="9"/>
      <file name="sale-detail.dto.ts" path="/Users/faustinoduran/Documents/Proyectos/carniceria-pos/services/backend/src/features/sale-details/models/sale-detail.dto.ts">
        <metrics statements="9" coveredstatements="9" conditionals="0" coveredconditionals="0" methods="5" coveredmethods="5"/>
        <line num="10" count="6" type="stmt"/>
        <line num="12" count="6" type="stmt"/>
        <line num="13" count="6" type="stmt"/>
        <line num="14" count="6" type="stmt"/>
        <line num="15" count="6" type="stmt"/>
        <line num="18" count="6" type="stmt"/>
        <line num="19" count="6" type="stmt"/>
        <line num="20" count="6" type="stmt"/>
        <line num="21" count="6" type="stmt"/>
      </file>
      <file name="sale-detail.model.ts" path="/Users/faustinoduran/Documents/Proyectos/carniceria-pos/services/backend/src/features/sale-details/models/sale-detail.model.ts">
        <metrics statements="15" coveredstatements="11" conditionals="0" coveredconditionals="0" methods="8" coveredmethods="4"/>
        <line num="13" count="8" type="stmt"/>
        <line num="15" count="8" type="stmt"/>
        <line num="16" count="8" type="stmt"/>
        <line num="17" count="8" type="stmt"/>
        <line num="18" count="8" type="stmt"/>
        <line num="19" count="8" type="stmt"/>
        <line num="20" count="8" type="stmt"/>
        <line num="21" count="8" type="stmt"/>
        <line num="24" count="0" type="stmt"/>
        <line num="25" count="4" type="stmt"/>
        <line num="26" count="0" type="stmt"/>
        <line num="27" count="0" type="stmt"/>
        <line num="28" count="0" type="stmt"/>
        <line num="29" count="3" type="stmt"/>
        <line num="30" count="2" type="stmt"/>
      </file>
    </package>
    <package name="src.features.sales">
      <metrics statements="28" coveredstatements="27" conditionals="20" coveredconditionals="17" methods="5" coveredmethods="5"/>
      <file name="sale.repository.ts" path="/Users/faustinoduran/Documents/Proyectos/carniceria-pos/services/backend/src/features/sales/sale.repository.ts">
        <metrics statements="28" coveredstatements="27" conditionals="20" coveredconditionals="17" methods="5" coveredmethods="5"/>
        <line num="13" count="10" type="stmt"/>
        <line num="14" count="10" type="stmt"/>
        <line num="16" count="10" type="cond" truecount="2" falsecount="0"/>
        <line num="17" count="1" type="stmt"/>
        <line num="18" count="1" type="stmt"/>
        <line num="21" count="10" type="cond" truecount="2" falsecount="0"/>
        <line num="22" count="1" type="cond" truecount="1" falsecount="1"/>
        <line num="23" count="0" type="stmt"/>
        <line num="25" count="1" type="stmt"/>
        <line num="26" count="1" type="stmt"/>
        <line num="30" count="10" type="cond" truecount="2" falsecount="0"/>
        <line num="31" count="1" type="stmt"/>
        <line num="32" count="1" type="stmt"/>
        <line num="35" count="10" type="cond" truecount="2" falsecount="0"/>
        <line num="36" count="2" type="stmt"/>
        <line num="37" count="2" type="stmt"/>
        <line num="40" count="10" type="cond" truecount="2" falsecount="0"/>
        <line num="44" count="10" type="cond" truecount="2" falsecount="0"/>
        <line num="45" count="10" type="stmt"/>
        <line num="50" count="10" type="stmt"/>
        <line num="56" count="40" type="stmt"/>
        <line num="60" count="40" type="stmt"/>
        <line num="64" count="2" type="stmt"/>
        <line num="67" count="2" type="cond" truecount="1" falsecount="1"/>
        <line num="71" count="8" type="cond" truecount="2" falsecount="0"/>
        <line num="72" count="8" type="stmt"/>
        <line num="75" count="8" type="cond" truecount="1" falsecount="1"/>
        <line num="79" count="6" type="stmt"/>
      </file>
    </package>
    <package name="src.features.sales.models">
      <metrics statements="20" coveredstatements="20" conditionals="0" coveredconditionals="0" methods="11" coveredmethods="11"/>
      <file name="sale.dto.ts" path="/Users/faustinoduran/Documents/Proyectos/carniceria-pos/services/backend/src/features/sales/models/sale.dto.ts">
        <metrics statements="7" coveredstatements="7" conditionals="0" coveredconditionals="0" methods="4" coveredmethods="4"/>
        <line num="10" count="40" type="stmt"/>
        <line num="12" count="40" type="stmt"/>
        <line num="13" count="40" type="stmt"/>
        <line num="14" count="40" type="stmt"/>
        <line num="17" count="40" type="stmt"/>
        <line num="18" count="40" type="stmt"/>
        <line num="19" count="40" type="stmt"/>
      </file>
      <file name="sale.model.ts" path="/Users/faustinoduran/Documents/Proyectos/carniceria-pos/services/backend/src/features/sales/models/sale.model.ts">
        <metrics statements="13" coveredstatements="13" conditionals="0" coveredconditionals="0" methods="7" coveredmethods="7"/>
        <line num="14" count="60" type="stmt"/>
        <line num="16" count="60" type="stmt"/>
        <line num="17" count="60" type="stmt"/>
        <line num="18" count="60" type="stmt"/>
        <line num="19" count="60" type="stmt"/>
        <line num="20" count="60" type="stmt"/>
        <line num="21" count="60" type="stmt"/>
        <line num="24" count="1" type="stmt"/>
        <line num="25" count="1" type="stmt"/>
        <line num="26" count="2" type="stmt"/>
        <line num="27" count="43" type="stmt"/>
        <line num="28" count="2" type="stmt"/>
        <line num="29" count="1" type="stmt"/>
      </file>
    </package>
    <package name="src.shared">
      <metrics statements="16" coveredstatements="12" conditionals="0" coveredconditionals="0" methods="5" coveredmethods="4"/>
      <file name="errors.ts" path="/Users/faustinoduran/Documents/Proyectos/carniceria-pos/services/backend/src/shared/errors.ts">
        <metrics statements="6" coveredstatements="4" conditionals="0" coveredconditionals="0" methods="3" coveredmethods="2"/>
        <line num="4" count="2" type="stmt"/>
        <line num="5" count="2" type="stmt"/>
        <line num="11" count="0" type="stmt"/>
        <line num="12" count="0" type="stmt"/>
        <line num="18" count="2" type="stmt"/>
        <line num="19" count="2" type="stmt"/>
      </file>
      <file name="mappers.helper.ts" path="/Users/faustinoduran/Documents/Proyectos/carniceria-pos/services/backend/src/shared/mappers.helper.ts">
        <metrics statements="1" coveredstatements="1" conditionals="0" coveredconditionals="0" methods="1" coveredmethods="1"/>
        <line num="2" count="209" type="stmt"/>
      </file>
      <file name="transaction.helper.ts" path="/Users/faustinoduran/Documents/Proyectos/carniceria-pos/services/backend/src/shared/transaction.helper.ts">
        <metrics statements="9" coveredstatements="7" conditionals="0" coveredconditionals="0" methods="1" coveredmethods="1"/>
        <line num="5" count="11" type="stmt"/>
        <line num="7" count="11" type="stmt"/>
        <line num="8" count="11" type="stmt"/>
        <line num="9" count="11" type="stmt"/>
        <line num="10" count="11" type="stmt"/>
        <line num="11" count="11" type="stmt"/>
        <line num="13" count="0" type="stmt"/>
        <line num="14" count="0" type="stmt"/>
        <line num="16" count="11" type="stmt"/>
      </file>
    </package>
  </project>
</coverage>
