<?xml version="1.0" encoding="UTF-8"?>
<coverage generated="1777474550261" clover="3.2.0">
  <project timestamp="1777474550261" name="All files">
    <metrics statements="149" coveredstatements="118" conditionals="49" coveredconditionals="24" methods="62" coveredmethods="50" elements="260" coveredelements="192" complexity="0" loc="149" ncloc="149" packages="9" files="15" classes="15"/>
    <package name="src">
      <metrics statements="8" coveredstatements="6" conditionals="14" coveredconditionals="8" methods="2" coveredmethods="1"/>
      <file name="config.ts" path="/Users/faustinoduran/Documents/Proyectos/carniceria-pos/services/backend/src/config.ts">
        <metrics statements="3" coveredstatements="3" conditionals="14" coveredconditionals="8" methods="0" coveredmethods="0"/>
        <line num="3" count="3" type="cond" truecount="1" falsecount="1"/>
        <line num="4" count="3" type="stmt"/>
        <line num="6" count="3" type="stmt"/>
      </file>
      <file name="db.ts" path="/Users/faustinoduran/Documents/Proyectos/carniceria-pos/services/backend/src/db.ts">
        <metrics statements="5" coveredstatements="3" conditionals="0" coveredconditionals="0" methods="2" coveredmethods="1"/>
        <line num="5" count="40" type="stmt"/>
        <line num="7" count="3" type="stmt"/>
        <line num="9" count="3" type="stmt"/>
        <line num="10" count="0" type="stmt"/>
        <line num="11" count="0" type="stmt"/>
      </file>
    </package>
    <package name="src.__tests__.helpers">
      <metrics statements="13" coveredstatements="13" conditionals="3" coveredconditionals="3" methods="5" coveredmethods="5"/>
      <file name="cleanDatabase.ts" path="/Users/faustinoduran/Documents/Proyectos/carniceria-pos/services/backend/src/__tests__/helpers/cleanDatabase.ts">
        <metrics statements="5" coveredstatements="5" conditionals="0" coveredconditionals="0" methods="1" coveredmethods="1"/>
        <line num="4" count="18" type="stmt"/>
        <line num="5" count="18" type="stmt"/>
        <line num="6" count="18" type="stmt"/>
        <line num="7" count="18" type="stmt"/>
        <line num="8" count="18" type="stmt"/>
      </file>
      <file name="createTestData.ts" path="/Users/faustinoduran/Documents/Proyectos/carniceria-pos/services/backend/src/__tests__/helpers/createTestData.ts">
        <metrics statements="8" coveredstatements="8" conditionals="3" coveredconditionals="3" methods="4" coveredmethods="4"/>
        <line num="13" count="18" type="stmt"/>
        <line num="20" count="18" type="stmt"/>
        <line num="24" count="10" type="stmt"/>
        <line num="30" count="10" type="stmt"/>
        <line num="34" count="10" type="stmt"/>
        <line num="40" count="10" type="stmt"/>
        <line num="44" count="5" type="stmt"/>
        <line num="48" count="5" type="stmt"/>
      </file>
    </package>
    <package name="src.features.customers">
      <metrics statements="17" coveredstatements="15" conditionals="8" coveredconditionals="5" methods="6" coveredmethods="5"/>
      <file name="customer.repository.ts" path="/Users/faustinoduran/Documents/Proyectos/carniceria-pos/services/backend/src/features/customers/customer.repository.ts">
        <metrics statements="17" coveredstatements="15" conditionals="8" coveredconditionals="5" methods="6" coveredmethods="5"/>
        <line num="12" count="3" type="stmt"/>
        <line num="13" count="3" type="stmt"/>
        <line num="16" count="3" type="cond" truecount="2" falsecount="0"/>
        <line num="17" count="1" type="stmt"/>
        <line num="18" count="1" type="stmt"/>
        <line num="21" count="3" type="stmt"/>
        <line num="23" count="3" type="stmt"/>
        <line num="27" count="3" type="stmt"/>
        <line num="31" count="3" type="stmt"/>
        <line num="35" count="3" type="cond" truecount="2" falsecount="0"/>
        <line num="39" count="18" type="stmt"/>
        <line num="43" count="18" type="stmt"/>
        <line num="47" count="4" type="stmt"/>
        <line num="51" count="4" type="cond" truecount="1" falsecount="1"/>
        <line num="56" count="0" type="stmt"/>
        <line num="60" count="0" type="cond" truecount="0" falsecount="2"/>
        <line num="66" count="2" type="stmt"/>
      </file>
    </package>
    <package name="src.features.customers.models">
      <metrics statements="24" coveredstatements="24" conditionals="0" coveredconditionals="0" methods="13" coveredmethods="13"/>
      <file name="customer.dto.ts" path="/Users/faustinoduran/Documents/Proyectos/carniceria-pos/services/backend/src/features/customers/models/customer.dto.ts">
        <metrics statements="9" coveredstatements="9" conditionals="0" coveredconditionals="0" methods="5" coveredmethods="5"/>
        <line num="11" count="18" type="stmt"/>
        <line num="14" count="18" type="stmt"/>
        <line num="15" count="18" type="stmt"/>
        <line num="16" count="18" type="stmt"/>
        <line num="17" count="18" type="stmt"/>
        <line num="20" count="18" type="stmt"/>
        <line num="21" count="18" type="stmt"/>
        <line num="22" count="18" type="stmt"/>
        <line num="23" count="18" type="stmt"/>
      </file>
      <file name="customer.model.ts" path="/Users/faustinoduran/Documents/Proyectos/carniceria-pos/services/backend/src/features/customers/models/customer.model.ts">
        <metrics statements="15" coveredstatements="15" conditionals="0" coveredconditionals="0" methods="8" coveredmethods="8"/>
        <line num="14" count="22" type="stmt"/>
        <line num="17" count="22" type="stmt"/>
        <line num="18" count="22" type="stmt"/>
        <line num="19" count="22" type="stmt"/>
        <line num="20" count="22" type="stmt"/>
        <line num="21" count="22" type="stmt"/>
        <line num="22" count="22" type="stmt"/>
        <line num="23" count="22" type="stmt"/>
        <line num="26" count="3" type="stmt"/>
        <line num="27" count="2" type="stmt"/>
        <line num="28" count="2" type="stmt"/>
        <line num="29" count="2" type="stmt"/>
        <line num="30" count="21" type="stmt"/>
        <line num="31" count="1" type="stmt"/>
        <line num="32" count="1" type="stmt"/>
      </file>
    </package>
    <package name="src.features.debts">
      <metrics statements="16" coveredstatements="16" conditionals="8" coveredconditionals="8" methods="4" coveredmethods="4"/>
      <file name="debt.repository.ts" path="/Users/faustinoduran/Documents/Proyectos/carniceria-pos/services/backend/src/features/debts/debt.repository.ts">
        <metrics statements="16" coveredstatements="16" conditionals="8" coveredconditionals="8" methods="4" coveredmethods="4"/>
        <line num="18" count="5" type="stmt"/>
        <line num="19" count="5" type="stmt"/>
        <line num="21" count="5" type="cond" truecount="2" falsecount="0"/>
        <line num="22" count="1" type="stmt"/>
        <line num="23" count="1" type="stmt"/>
        <line num="26" count="5" type="cond" truecount="2" falsecount="0"/>
        <line num="27" count="2" type="stmt"/>
        <line num="28" count="2" type="stmt"/>
        <line num="31" count="5" type="cond" truecount="2" falsecount="0"/>
        <line num="33" count="5" type="stmt"/>
        <line num="36" count="7" type="stmt"/>
        <line num="40" count="10" type="stmt"/>
        <line num="45" count="10" type="stmt"/>
        <line num="49" count="5" type="stmt"/>
        <line num="54" count="5" type="cond" truecount="2" falsecount="0"/>
        <line num="59" count="2" type="stmt"/>
      </file>
    </package>
    <package name="src.features.debts.models">
      <metrics statements="25" coveredstatements="25" conditionals="0" coveredconditionals="0" methods="14" coveredmethods="14"/>
      <file name="debt.dto.ts" path="/Users/faustinoduran/Documents/Proyectos/carniceria-pos/services/backend/src/features/debts/models/debt.dto.ts">
        <metrics statements="7" coveredstatements="7" conditionals="0" coveredconditionals="0" methods="4" coveredmethods="4"/>
        <line num="10" count="10" type="stmt"/>
        <line num="12" count="10" type="stmt"/>
        <line num="13" count="10" type="stmt"/>
        <line num="14" count="10" type="stmt"/>
        <line num="17" count="10" type="stmt"/>
        <line num="18" count="10" type="stmt"/>
        <line num="19" count="10" type="stmt"/>
      </file>
      <file name="debt.model.ts" path="/Users/faustinoduran/Documents/Proyectos/carniceria-pos/services/backend/src/features/debts/models/debt.model.ts">
        <metrics statements="13" coveredstatements="13" conditionals="0" coveredconditionals="0" methods="7" coveredmethods="7"/>
        <line num="13" count="20" type="stmt"/>
        <line num="14" count="20" type="stmt"/>
        <line num="15" count="20" type="stmt"/>
        <line num="16" count="20" type="stmt"/>
        <line num="17" count="20" type="stmt"/>
        <line num="18" count="20" type="stmt"/>
        <line num="19" count="20" type="stmt"/>
        <line num="22" count="8" type="stmt"/>
        <line num="23" count="1" type="stmt"/>
        <line num="24" count="2" type="stmt"/>
        <line num="25" count="1" type="stmt"/>
        <line num="26" count="2" type="stmt"/>
        <line num="27" count="2" type="stmt"/>
      </file>
      <file name="updateDebt.model.ts" path="/Users/faustinoduran/Documents/Proyectos/carniceria-pos/services/backend/src/features/debts/models/updateDebt.model.ts">
        <metrics statements="5" coveredstatements="5" conditionals="0" coveredconditionals="0" methods="3" coveredmethods="3"/>
        <line num="9" count="5" type="stmt"/>
        <line num="11" count="5" type="stmt"/>
        <line num="12" count="5" type="stmt"/>
        <line num="15" count="5" type="stmt"/>
        <line num="16" count="5" type="stmt"/>
      </file>
    </package>
    <package name="src.features.sales">
      <metrics statements="25" coveredstatements="3" conditionals="16" coveredconditionals="0" methods="6" coveredmethods="1"/>
      <file name="sale.repository.ts" path="/Users/faustinoduran/Documents/Proyectos/carniceria-pos/services/backend/src/features/sales/sale.repository.ts">
        <metrics statements="25" coveredstatements="3" conditionals="16" coveredconditionals="0" methods="6" coveredmethods="1"/>
        <line num="11" count="0" type="stmt"/>
        <line num="12" count="0" type="stmt"/>
        <line num="14" count="0" type="cond" truecount="0" falsecount="2"/>
        <line num="15" count="0" type="stmt"/>
        <line num="16" count="0" type="stmt"/>
        <line num="19" count="0" type="cond" truecount="0" falsecount="2"/>
        <line num="20" count="0" type="cond" truecount="0" falsecount="2"/>
        <line num="21" count="0" type="stmt"/>
        <line num="23" count="0" type="stmt"/>
        <line num="24" count="0" type="stmt"/>
        <line num="28" count="0" type="cond" truecount="0" falsecount="2"/>
        <line num="29" count="0" type="stmt"/>
        <line num="30" count="0" type="stmt"/>
        <line num="33" count="0" type="cond" truecount="0" falsecount="2"/>
        <line num="37" count="0" type="stmt"/>
        <line num="42" count="0" type="stmt"/>
        <line num="46" count="0" type="stmt"/>
        <line num="49" count="0" type="cond" truecount="0" falsecount="2"/>
        <line num="53" count="10" type="stmt"/>
        <line num="57" count="10" type="stmt"/>
        <line num="61" count="0" type="stmt"/>
        <line num="64" count="0" type="cond" truecount="0" falsecount="2"/>
        <line num="68" count="0" type="stmt"/>
        <line num="71" count="0" type="cond" truecount="0" falsecount="2"/>
        <line num="75" count="2" type="stmt"/>
      </file>
    </package>
    <package name="src.features.sales.models">
      <metrics statements="20" coveredstatements="15" conditionals="0" coveredconditionals="0" methods="11" coveredmethods="6"/>
      <file name="sale.dto.ts" path="/Users/faustinoduran/Documents/Proyectos/carniceria-pos/services/backend/src/features/sales/models/sale.dto.ts">
        <metrics statements="7" coveredstatements="7" conditionals="0" coveredconditionals="0" methods="4" coveredmethods="4"/>
        <line num="10" count="10" type="stmt"/>
        <line num="12" count="10" type="stmt"/>
        <line num="13" count="10" type="stmt"/>
        <line num="14" count="10" type="stmt"/>
        <line num="17" count="10" type="stmt"/>
        <line num="18" count="10" type="stmt"/>
        <line num="19" count="10" type="stmt"/>
      </file>
      <file name="sale.model.ts" path="/Users/faustinoduran/Documents/Proyectos/carniceria-pos/services/backend/src/features/sales/models/sale.model.ts">
        <metrics statements="13" coveredstatements="8" conditionals="0" coveredconditionals="0" methods="7" coveredmethods="2"/>
        <line num="14" count="10" type="stmt"/>
        <line num="16" count="10" type="stmt"/>
        <line num="17" count="10" type="stmt"/>
        <line num="18" count="10" type="stmt"/>
        <line num="19" count="10" type="stmt"/>
        <line num="20" count="10" type="stmt"/>
        <line num="21" count="10" type="stmt"/>
        <line num="24" count="0" type="stmt"/>
        <line num="25" count="0" type="stmt"/>
        <line num="26" count="0" type="stmt"/>
        <line num="27" count="11" type="stmt"/>
        <line num="28" count="0" type="stmt"/>
        <line num="29" count="0" type="stmt"/>
      </file>
    </package>
    <package name="src.shared">
      <metrics statements="1" coveredstatements="1" conditionals="0" coveredconditionals="0" methods="1" coveredmethods="1"/>
      <file name="mappers.helper.ts" path="/Users/faustinoduran/Documents/Proyectos/carniceria-pos/services/backend/src/shared/mappers.helper.ts">
        <metrics statements="1" coveredstatements="1" conditionals="0" coveredconditionals="0" methods="1" coveredmethods="1"/>
        <line num="2" count="52" type="stmt"/>
      </file>
    </package>
  </project>
</coverage>
