{"/Users/faustinoduran/Documents/Proyectos/carniceria-pos/services/backend/src/config.ts": {"path":"/Users/faustinoduran/Documents/Proyectos/carniceria-pos/services/backend/src/config.ts","statementMap":{"0":{"start":{"line":3,"column":6},"end":{"line":3,"column":null}},"1":{"start":{"line":4,"column":0},"end":{"line":4,"column":null}},"2":{"start":{"line":6,"column":22},"end":{"line":13,"column":null}}},"fnMap":{},"branchMap":{"0":{"loc":{"start":{"line":3,"column":6},"end":{"line":3,"column":null}},"type":"cond-expr","locations":[{"start":{"line":3,"column":50},"end":{"line":3,"column":64}},{"start":{"line":3,"column":64},"end":{"line":3,"column":null}}],"line":3},"1":{"loc":{"start":{"line":7,"column":8},"end":{"line":7,"column":null}},"type":"binary-expr","locations":[{"start":{"line":7,"column":8},"end":{"line":7,"column":28}},{"start":{"line":7,"column":28},"end":{"line":7,"column":null}}],"line":7},"2":{"loc":{"start":{"line":9,"column":10},"end":{"line":9,"column":null}},"type":"binary-expr","locations":[{"start":{"line":9,"column":10},"end":{"line":9,"column":33}},{"start":{"line":9,"column":33},"end":{"line":9,"column":null}}],"line":9},"3":{"loc":{"start":{"line":10,"column":10},"end":{"line":10,"column":null}},"type":"binary-expr","locations":[{"start":{"line":10,"column":10},"end":{"line":10,"column":37}},{"start":{"line":10,"column":41},"end":{"line":10,"column":null}}],"line":10},"4":{"loc":{"start":{"line":11,"column":14},"end":{"line":11,"column":null}},"type":"binary-expr","locations":[{"start":{"line":11,"column":14},"end":{"line":11,"column":37}},{"start":{"line":11,"column":37},"end":{"line":11,"column":null}}],"line":11},"5":{"loc":{"start":{"line":12,"column":10},"end":{"line":12,"column":null}},"type":"binary-expr","locations":[{"start":{"line":12,"column":10},"end":{"line":12,"column":33}},{"start":{"line":12,"column":33},"end":{"line":12,"column":null}}],"line":12},"6":{"loc":{"start":{"line":13,"column":14},"end":{"line":13,"column":null}},"type":"binary-expr","locations":[{"start":{"line":13,"column":14},"end":{"line":13,"column":41}},{"start":{"line":13,"column":41},"end":{"line":13,"column":null}}],"line":13}},"s":{"0":3,"1":3,"2":3},"f":{},"b":{"0":[3,0],"1":[3,3],"2":[3,0],"3":[3,0],"4":[3,0],"5":[3,0],"6":[3,0]},"meta":{"lastBranch":7,"lastFunction":0,"lastStatement":3,"seen":{"s:3:6:3:Infinity":0,"b:3:50:3:64:3:64:3:Infinity":0,"s:4:0:4:Infinity":1,"s:6:22:13:Infinity":2,"b:7:8:7:28:7:28:7:Infinity":1,"b:9:10:9:33:9:33:9:Infinity":2,"b:10:10:10:37:10:41:10:Infinity":3,"b:11:14:11:37:11:37:11:Infinity":4,"b:12:10:12:33:12:33:12:Infinity":5,"b:13:14:13:41:13:41:13:Infinity":6}}}
,"/Users/faustinoduran/Documents/Proyectos/carniceria-pos/services/backend/src/db.ts": {"path":"/Users/faustinoduran/Documents/Proyectos/carniceria-pos/services/backend/src/db.ts","statementMap":{"0":{"start":{"line":5,"column":0},"end":{"line":5,"column":null}},"1":{"start":{"line":5,"column":55},"end":{"line":5,"column":68}},"2":{"start":{"line":7,"column":20},"end":{"line":7,"column":39}},"3":{"start":{"line":9,"column":0},"end":{"line":12,"column":null}},"4":{"start":{"line":10,"column":4},"end":{"line":10,"column":null}},"5":{"start":{"line":11,"column":4},"end":{"line":11,"column":null}}},"fnMap":{"0":{"name":"(anonymous_0)","decl":{"start":{"line":5,"column":35},"end":{"line":5,"column":45}},"loc":{"start":{"line":5,"column":55},"end":{"line":5,"column":68}},"line":5},"1":{"name":"(anonymous_1)","decl":{"start":{"line":9,"column":8},"end":{"line":9,"column":17}},"loc":{"start":{"line":9,"column":25},"end":{"line":12,"column":null}},"line":9}},"branchMap":{},"s":{"0":3,"1":40,"2":3,"3":3,"4":0,"5":0},"f":{"0":40,"1":0},"b":{},"meta":{"lastBranch":0,"lastFunction":2,"lastStatement":6,"seen":{"s:5:0:5:Infinity":0,"f:5:35:5:45":0,"s:5:55:5:68":1,"s:7:20:7:39":2,"s:9:0:12:Infinity":3,"f:9:8:9:17":1,"s:10:4:10:Infinity":4,"s:11:4:11:Infinity":5}}}
,"/Users/faustinoduran/Documents/Proyectos/carniceria-pos/services/backend/src/__tests__/helpers/cleanDatabase.ts": {"path":"/Users/faustinoduran/Documents/Proyectos/carniceria-pos/services/backend/src/__tests__/helpers/cleanDatabase.ts","statementMap":{"0":{"start":{"line":4,"column":2},"end":{"line":4,"column":null}},"1":{"start":{"line":5,"column":2},"end":{"line":5,"column":null}},"2":{"start":{"line":6,"column":2},"end":{"line":6,"column":null}},"3":{"start":{"line":7,"column":2},"end":{"line":7,"column":null}},"4":{"start":{"line":8,"column":2},"end":{"line":8,"column":null}}},"fnMap":{"0":{"name":"cleanDatabase","decl":{"start":{"line":3,"column":22},"end":{"line":3,"column":38}},"loc":{"start":{"line":3,"column":38},"end":{"line":8,"column":null}},"line":3}},"branchMap":{},"s":{"0":18,"1":18,"2":18,"3":18,"4":18},"f":{"0":18},"b":{},"meta":{"lastBranch":0,"lastFunction":1,"lastStatement":5,"seen":{"f:3:22:3:38":0,"s:4:2:4:Infinity":0,"s:5:2:5:Infinity":1,"s:6:2:6:Infinity":2,"s:7:2:7:Infinity":3,"s:8:2:8:Infinity":4}}}
,"/Users/faustinoduran/Documents/Proyectos/carniceria-pos/services/backend/src/__tests__/helpers/createTestData.ts": {"path":"/Users/faustinoduran/Documents/Proyectos/carniceria-pos/services/backend/src/__tests__/helpers/createTestData.ts","statementMap":{"0":{"start":{"line":13,"column":14},"end":{"line":19,"column":4}},"1":{"start":{"line":20,"column":2},"end":{"line":20,"column":null}},"2":{"start":{"line":24,"column":14},"end":{"line":29,"column":4}},"3":{"start":{"line":30,"column":2},"end":{"line":30,"column":null}},"4":{"start":{"line":34,"column":14},"end":{"line":39,"column":4}},"5":{"start":{"line":40,"column":2},"end":{"line":40,"column":null}},"6":{"start":{"line":44,"column":14},"end":{"line":47,"column":4}},"7":{"start":{"line":48,"column":2},"end":{"line":48,"column":null}}},"fnMap":{"0":{"name":"createTestCustomer","decl":{"start":{"line":12,"column":22},"end":{"line":12,"column":41}},"loc":{"start":{"line":12,"column":76},"end":{"line":20,"column":null}},"line":12},"1":{"name":"createTestSale","decl":{"start":{"line":23,"column":22},"end":{"line":23,"column":37}},"loc":{"start":{"line":23,"column":68},"end":{"line":30,"column":null}},"line":23},"2":{"name":"createTestDebt","decl":{"start":{"line":33,"column":22},"end":{"line":33,"column":37}},"loc":{"start":{"line":33,"column":105},"end":{"line":40,"column":null}},"line":33},"3":{"name":"createUpdateDebtData","decl":{"start":{"line":43,"column":22},"end":{"line":43,"column":43}},"loc":{"start":{"line":43,"column":104},"end":{"line":48,"column":null}},"line":43}},"branchMap":{"0":{"loc":{"start":{"line":12,"column":41},"end":{"line":12,"column":55}},"type":"default-arg","locations":[{"start":{"line":12,"column":53},"end":{"line":12,"column":55}}],"line":12},"1":{"loc":{"start":{"line":23,"column":37},"end":{"line":23,"column":51}},"type":"default-arg","locations":[{"start":{"line":23,"column":49},"end":{"line":23,"column":51}}],"line":23},"2":{"loc":{"start":{"line":33,"column":74},"end":{"line":33,"column":88}},"type":"default-arg","locations":[{"start":{"line":33,"column":86},"end":{"line":33,"column":88}}],"line":33}},"s":{"0":18,"1":18,"2":10,"3":10,"4":10,"5":10,"6":5,"7":5},"f":{"0":18,"1":10,"2":10,"3":5},"b":{"0":[18],"1":[10],"2":[10]},"meta":{"lastBranch":3,"lastFunction":4,"lastStatement":8,"seen":{"f:12:22:12:41":0,"b:12:53:12:55":0,"s:13:14:19:4":0,"s:20:2:20:Infinity":1,"f:23:22:23:37":1,"b:23:49:23:51":1,"s:24:14:29:4":2,"s:30:2:30:Infinity":3,"f:33:22:33:37":2,"b:33:86:33:88":2,"s:34:14:39:4":4,"s:40:2:40:Infinity":5,"f:43:22:43:43":3,"s:44:14:47:4":6,"s:48:2:48:Infinity":7}}}
,"/Users/faustinoduran/Documents/Proyectos/carniceria-pos/services/backend/src/features/customers/customer.repository.ts": {"path":"/Users/faustinoduran/Documents/Proyectos/carniceria-pos/services/backend/src/features/customers/customer.repository.ts","statementMap":{"0":{"start":{"line":12,"column":37},"end":{"line":12,"column":59}},"1":{"start":{"line":13,"column":34},"end":{"line":13,"column":36}},"2":{"start":{"line":16,"column":8},"end":{"line":18,"column":null}},"3":{"start":{"line":17,"column":12},"end":{"line":17,"column":null}},"4":{"start":{"line":18,"column":12},"end":{"line":18,"column":null}},"5":{"start":{"line":21,"column":22},"end":{"line":21,"column":null}},"6":{"start":{"line":23,"column":25},"end":{"line":24,"column":null}},"7":{"start":{"line":27,"column":9},"end":{"line":27,"column":null}},"8":{"start":{"line":27,"column":25},"end":{"line":27,"column":57}},"9":{"start":{"line":31,"column":25},"end":{"line":33,"column":null}},"10":{"start":{"line":35,"column":8},"end":{"line":35,"column":null}},"11":{"start":{"line":39,"column":25},"end":{"line":41,"column":null}},"12":{"start":{"line":43,"column":8},"end":{"line":43,"column":null}},"13":{"start":{"line":47,"column":29},"end":{"line":49,"column":null}},"14":{"start":{"line":51,"column":8},"end":{"line":51,"column":null}},"15":{"start":{"line":56,"column":29},"end":{"line":58,"column":null}},"16":{"start":{"line":60,"column":8},"end":{"line":60,"column":null}},"17":{"start":{"line":66,"column":34},"end":{"line":66,"column":58}}},"fnMap":{"0":{"name":"(anonymous_0)","decl":{"start":{"line":10,"column":10},"end":{"line":10,"column":17}},"loc":{"start":{"line":10,"column":65},"end":{"line":27,"column":null}},"line":10},"1":{"name":"(anonymous_1)","decl":{"start":{"line":27,"column":21},"end":{"line":27,"column":25}},"loc":{"start":{"line":27,"column":25},"end":{"line":27,"column":57}},"line":27},"2":{"name":"(anonymous_2)","decl":{"start":{"line":30,"column":10},"end":{"line":30,"column":19}},"loc":{"start":{"line":30,"column":62},"end":{"line":35,"column":null}},"line":30},"3":{"name":"(anonymous_3)","decl":{"start":{"line":38,"column":10},"end":{"line":38,"column":18}},"loc":{"start":{"line":38,"column":61},"end":{"line":43,"column":null}},"line":38},"4":{"name":"(anonymous_4)","decl":{"start":{"line":46,"column":10},"end":{"line":46,"column":22}},"loc":{"start":{"line":46,"column":58},"end":{"line":51,"column":null}},"line":46},"5":{"name":"(anonymous_5)","decl":{"start":{"line":55,"column":10},"end":{"line":55,"column":18}},"loc":{"start":{"line":55,"column":48},"end":{"line":60,"column":null}},"line":55}},"branchMap":{"0":{"loc":{"start":{"line":16,"column":8},"end":{"line":18,"column":null}},"type":"if","locations":[{"start":{"line":16,"column":8},"end":{"line":18,"column":null}},{"start":{},"end":{}}],"line":16},"1":{"loc":{"start":{"line":35,"column":15},"end":{"line":35,"column":null}},"type":"cond-expr","locations":[{"start":{"line":35,"column":29},"end":{"line":35,"column":62}},{"start":{"line":35,"column":65},"end":{"line":35,"column":null}}],"line":35},"2":{"loc":{"start":{"line":51,"column":16},"end":{"line":51,"column":33}},"type":"binary-expr","locations":[{"start":{"line":51,"column":16},"end":{"line":51,"column":28}},{"start":{"line":51,"column":28},"end":{"line":51,"column":33}}],"line":51},"3":{"loc":{"start":{"line":60,"column":16},"end":{"line":60,"column":33}},"type":"binary-expr","locations":[{"start":{"line":60,"column":16},"end":{"line":60,"column":28}},{"start":{"line":60,"column":28},"end":{"line":60,"column":33}}],"line":60}},"s":{"0":3,"1":3,"2":3,"3":1,"4":1,"5":3,"6":3,"7":3,"8":3,"9":3,"10":3,"11":18,"12":18,"13":4,"14":4,"15":0,"16":0,"17":2},"f":{"0":3,"1":3,"2":3,"3":18,"4":4,"5":0},"b":{"0":[1,2],"1":[1,2],"2":[4,0],"3":[0,0]},"meta":{"lastBranch":4,"lastFunction":6,"lastStatement":18,"seen":{"f:10:10:10:17":0,"s:12:37:12:59":0,"s:13:34:13:36":1,"b:16:8:18:Infinity:undefined:undefined:undefined:undefined":0,"s:16:8:18:Infinity":2,"s:17:12:17:Infinity":3,"s:18:12:18:Infinity":4,"s:21:22:21:Infinity":5,"s:23:25:24:Infinity":6,"s:27:9:27:Infinity":7,"f:27:21:27:25":1,"s:27:25:27:57":8,"f:30:10:30:19":2,"s:31:25:33:Infinity":9,"s:35:8:35:Infinity":10,"b:35:29:35:62:35:65:35:Infinity":1,"f:38:10:38:18":3,"s:39:25:41:Infinity":11,"s:43:8:43:Infinity":12,"f:46:10:46:22":4,"s:47:29:49:Infinity":13,"s:51:8:51:Infinity":14,"b:51:16:51:28:51:28:51:33":2,"f:55:10:55:18":5,"s:56:29:58:Infinity":15,"s:60:8:60:Infinity":16,"b:60:16:60:28:60:28:60:33":3,"s:66:34:66:58":17}}}
,"/Users/faustinoduran/Documents/Proyectos/carniceria-pos/services/backend/src/features/customers/models/customer.dto.ts": {"path":"/Users/faustinoduran/Documents/Proyectos/carniceria-pos/services/backend/src/features/customers/models/customer.dto.ts","statementMap":{"0":{"start":{"line":11,"column":26},"end":{"line":11,"column":58}},"1":{"start":{"line":14,"column":8},"end":{"line":14,"column":null}},"2":{"start":{"line":15,"column":8},"end":{"line":15,"column":null}},"3":{"start":{"line":16,"column":8},"end":{"line":16,"column":null}},"4":{"start":{"line":17,"column":8},"end":{"line":17,"column":null}},"5":{"start":{"line":20,"column":26},"end":{"line":20,"column":null}},"6":{"start":{"line":21,"column":31},"end":{"line":21,"column":null}},"7":{"start":{"line":22,"column":39},"end":{"line":22,"column":null}},"8":{"start":{"line":23,"column":37},"end":{"line":23,"column":null}}},"fnMap":{"0":{"name":"(anonymous_0)","decl":{"start":{"line":9,"column":4},"end":{"line":9,"column":16}},"loc":{"start":{"line":9,"column":31},"end":{"line":17,"column":null}},"line":9},"1":{"name":"(anonymous_1)","decl":{"start":{"line":20,"column":8},"end":{"line":20,"column":24}},"loc":{"start":{"line":20,"column":24},"end":{"line":20,"column":null}},"line":20},"2":{"name":"(anonymous_2)","decl":{"start":{"line":21,"column":8},"end":{"line":21,"column":29}},"loc":{"start":{"line":21,"column":29},"end":{"line":21,"column":null}},"line":21},"3":{"name":"(anonymous_3)","decl":{"start":{"line":22,"column":8},"end":{"line":22,"column":37}},"loc":{"start":{"line":22,"column":37},"end":{"line":22,"column":null}},"line":22},"4":{"name":"(anonymous_4)","decl":{"start":{"line":23,"column":8},"end":{"line":23,"column":35}},"loc":{"start":{"line":23,"column":35},"end":{"line":23,"column":null}},"line":23}},"branchMap":{},"s":{"0":18,"1":18,"2":18,"3":18,"4":18,"5":18,"6":18,"7":18,"8":18},"f":{"0":18,"1":18,"2":18,"3":18,"4":18},"b":{},"meta":{"lastBranch":0,"lastFunction":5,"lastStatement":9,"seen":{"f:9:4:9:16":0,"s:11:26:11:58":0,"s:14:8:14:Infinity":1,"s:15:8:15:Infinity":2,"s:16:8:16:Infinity":3,"s:17:8:17:Infinity":4,"f:20:8:20:24":1,"s:20:26:20:Infinity":5,"f:21:8:21:29":2,"s:21:31:21:Infinity":6,"f:22:8:22:37":3,"s:22:39:22:Infinity":7,"f:23:8:23:35":4,"s:23:37:23:Infinity":8}}}
,"/Users/faustinoduran/Documents/Proyectos/carniceria-pos/services/backend/src/features/customers/models/customer.model.ts": {"path":"/Users/faustinoduran/Documents/Proyectos/carniceria-pos/services/backend/src/features/customers/models/customer.model.ts","statementMap":{"0":{"start":{"line":14,"column":26},"end":{"line":14,"column":52}},"1":{"start":{"line":17,"column":8},"end":{"line":17,"column":null}},"2":{"start":{"line":18,"column":8},"end":{"line":18,"column":null}},"3":{"start":{"line":19,"column":8},"end":{"line":19,"column":null}},"4":{"start":{"line":20,"column":8},"end":{"line":20,"column":null}},"5":{"start":{"line":21,"column":8},"end":{"line":21,"column":null}},"6":{"start":{"line":22,"column":8},"end":{"line":22,"column":null}},"7":{"start":{"line":23,"column":8},"end":{"line":23,"column":null}},"8":{"start":{"line":26,"column":26},"end":{"line":26,"column":null}},"9":{"start":{"line":27,"column":31},"end":{"line":27,"column":null}},"10":{"start":{"line":28,"column":39},"end":{"line":28,"column":null}},"11":{"start":{"line":29,"column":37},"end":{"line":29,"column":null}},"12":{"start":{"line":30,"column":24},"end":{"line":30,"column":null}},"13":{"start":{"line":31,"column":31},"end":{"line":31,"column":null}},"14":{"start":{"line":32,"column":37},"end":{"line":32,"column":null}}},"fnMap":{"0":{"name":"(anonymous_0)","decl":{"start":{"line":12,"column":4},"end":{"line":12,"column":16}},"loc":{"start":{"line":12,"column":31},"end":{"line":23,"column":null}},"line":12},"1":{"name":"(anonymous_1)","decl":{"start":{"line":26,"column":8},"end":{"line":26,"column":24}},"loc":{"start":{"line":26,"column":24},"end":{"line":26,"column":null}},"line":26},"2":{"name":"(anonymous_2)","decl":{"start":{"line":27,"column":8},"end":{"line":27,"column":29}},"loc":{"start":{"line":27,"column":29},"end":{"line":27,"column":null}},"line":27},"3":{"name":"(anonymous_3)","decl":{"start":{"line":28,"column":8},"end":{"line":28,"column":37}},"loc":{"start":{"line":28,"column":37},"end":{"line":28,"column":null}},"line":28},"4":{"name":"(anonymous_4)","decl":{"start":{"line":29,"column":8},"end":{"line":29,"column":35}},"loc":{"start":{"line":29,"column":35},"end":{"line":29,"column":null}},"line":29},"5":{"name":"(anonymous_5)","decl":{"start":{"line":30,"column":8},"end":{"line":30,"column":22}},"loc":{"start":{"line":30,"column":22},"end":{"line":30,"column":null}},"line":30},"6":{"name":"(anonymous_6)","decl":{"start":{"line":31,"column":8},"end":{"line":31,"column":29}},"loc":{"start":{"line":31,"column":29},"end":{"line":31,"column":null}},"line":31},"7":{"name":"(anonymous_7)","decl":{"start":{"line":32,"column":8},"end":{"line":32,"column":35}},"loc":{"start":{"line":32,"column":35},"end":{"line":32,"column":null}},"line":32}},"branchMap":{},"s":{"0":22,"1":22,"2":22,"3":22,"4":22,"5":22,"6":22,"7":22,"8":3,"9":2,"10":2,"11":2,"12":21,"13":1,"14":1},"f":{"0":22,"1":3,"2":2,"3":2,"4":2,"5":21,"6":1,"7":1},"b":{},"meta":{"lastBranch":0,"lastFunction":8,"lastStatement":15,"seen":{"f:12:4:12:16":0,"s:14:26:14:52":0,"s:17:8:17:Infinity":1,"s:18:8:18:Infinity":2,"s:19:8:19:Infinity":3,"s:20:8:20:Infinity":4,"s:21:8:21:Infinity":5,"s:22:8:22:Infinity":6,"s:23:8:23:Infinity":7,"f:26:8:26:24":1,"s:26:26:26:Infinity":8,"f:27:8:27:29":2,"s:27:31:27:Infinity":9,"f:28:8:28:37":3,"s:28:39:28:Infinity":10,"f:29:8:29:35":4,"s:29:37:29:Infinity":11,"f:30:8:30:22":5,"s:30:24:30:Infinity":12,"f:31:8:31:29":6,"s:31:31:31:Infinity":13,"f:32:8:32:35":7,"s:32:37:32:Infinity":14}}}
,"/Users/faustinoduran/Documents/Proyectos/carniceria-pos/services/backend/src/features/debts/debt.repository.ts": {"path":"/Users/faustinoduran/Documents/Proyectos/carniceria-pos/services/backend/src/features/debts/debt.repository.ts","statementMap":{"0":{"start":{"line":18,"column":37},"end":{"line":18,"column":39}},"1":{"start":{"line":19,"column":34},"end":{"line":19,"column":36}},"2":{"start":{"line":21,"column":8},"end":{"line":23,"column":null}},"3":{"start":{"line":22,"column":12},"end":{"line":22,"column":null}},"4":{"start":{"line":23,"column":12},"end":{"line":23,"column":null}},"5":{"start":{"line":26,"column":8},"end":{"line":28,"column":null}},"6":{"start":{"line":27,"column":12},"end":{"line":27,"column":null}},"7":{"start":{"line":28,"column":12},"end":{"line":28,"column":null}},"8":{"start":{"line":31,"column":22},"end":{"line":31,"column":null}},"9":{"start":{"line":33,"column":25},"end":{"line":34,"column":null}},"10":{"start":{"line":36,"column":8},"end":{"line":36,"column":null}},"11":{"start":{"line":36,"column":25},"end":{"line":36,"column":54}},"12":{"start":{"line":40,"column":25},"end":{"line":42,"column":null}},"13":{"start":{"line":45,"column":8},"end":{"line":45,"column":null}},"14":{"start":{"line":49,"column":25},"end":{"line":51,"column":null}},"15":{"start":{"line":54,"column":8},"end":{"line":54,"column":null}},"16":{"start":{"line":59,"column":30},"end":{"line":59,"column":50}}},"fnMap":{"0":{"name":"(anonymous_0)","decl":{"start":{"line":16,"column":10},"end":{"line":16,"column":18}},"loc":{"start":{"line":16,"column":61},"end":{"line":36,"column":null}},"line":16},"1":{"name":"(anonymous_1)","decl":{"start":{"line":36,"column":20},"end":{"line":36,"column":25}},"loc":{"start":{"line":36,"column":25},"end":{"line":36,"column":54}},"line":36},"2":{"name":"(anonymous_2)","decl":{"start":{"line":39,"column":10},"end":{"line":39,"column":18}},"loc":{"start":{"line":39,"column":52},"end":{"line":45,"column":null}},"line":39},"3":{"name":"(anonymous_3)","decl":{"start":{"line":48,"column":10},"end":{"line":48,"column":18}},"loc":{"start":{"line":48,"column":76},"end":{"line":54,"column":null}},"line":48}},"branchMap":{"0":{"loc":{"start":{"line":21,"column":8},"end":{"line":23,"column":null}},"type":"if","locations":[{"start":{"line":21,"column":8},"end":{"line":23,"column":null}},{"start":{},"end":{}}],"line":21},"1":{"loc":{"start":{"line":26,"column":8},"end":{"line":28,"column":null}},"type":"if","locations":[{"start":{"line":26,"column":8},"end":{"line":28,"column":null}},{"start":{},"end":{}}],"line":26},"2":{"loc":{"start":{"line":31,"column":22},"end":{"line":31,"column":null}},"type":"cond-expr","locations":[{"start":{"line":31,"column":42},"end":{"line":31,"column":80}},{"start":{"line":31,"column":80},"end":{"line":31,"column":null}}],"line":31},"3":{"loc":{"start":{"line":54,"column":15},"end":{"line":54,"column":null}},"type":"cond-expr","locations":[{"start":{"line":54,"column":20},"end":{"line":54,"column":53}},{"start":{"line":54,"column":56},"end":{"line":54,"column":null}}],"line":54}},"s":{"0":5,"1":5,"2":5,"3":1,"4":1,"5":5,"6":2,"7":2,"8":5,"9":5,"10":5,"11":7,"12":10,"13":10,"14":5,"15":5,"16":2},"f":{"0":5,"1":7,"2":10,"3":5},"b":{"0":[1,4],"1":[2,3],"2":[3,2],"3":[3,2]},"meta":{"lastBranch":4,"lastFunction":4,"lastStatement":17,"seen":{"f:16:10:16:18":0,"s:18:37:18:39":0,"s:19:34:19:36":1,"b:21:8:23:Infinity:undefined:undefined:undefined:undefined":0,"s:21:8:23:Infinity":2,"s:22:12:22:Infinity":3,"s:23:12:23:Infinity":4,"b:26:8:28:Infinity:undefined:undefined:undefined:undefined":1,"s:26:8:28:Infinity":5,"s:27:12:27:Infinity":6,"s:28:12:28:Infinity":7,"s:31:22:31:Infinity":8,"b:31:42:31:80:31:80:31:Infinity":2,"s:33:25:34:Infinity":9,"s:36:8:36:Infinity":10,"f:36:20:36:25":1,"s:36:25:36:54":11,"f:39:10:39:18":2,"s:40:25:42:Infinity":12,"s:45:8:45:Infinity":13,"f:48:10:48:18":3,"s:49:25:51:Infinity":14,"s:54:8:54:Infinity":15,"b:54:20:54:53:54:56:54:Infinity":3,"s:59:30:59:50":16}}}
,"/Users/faustinoduran/Documents/Proyectos/carniceria-pos/services/backend/src/features/debts/models/debt.dto.ts": {"path":"/Users/faustinoduran/Documents/Proyectos/carniceria-pos/services/backend/src/features/debts/models/debt.dto.ts","statementMap":{"0":{"start":{"line":10,"column":26},"end":{"line":10,"column":54}},"1":{"start":{"line":12,"column":8},"end":{"line":12,"column":null}},"2":{"start":{"line":13,"column":8},"end":{"line":13,"column":null}},"3":{"start":{"line":14,"column":8},"end":{"line":14,"column":null}},"4":{"start":{"line":17,"column":30},"end":{"line":17,"column":null}},"5":{"start":{"line":18,"column":33},"end":{"line":18,"column":null}},"6":{"start":{"line":19,"column":28},"end":{"line":19,"column":null}}},"fnMap":{"0":{"name":"(anonymous_0)","decl":{"start":{"line":8,"column":4},"end":{"line":8,"column":16}},"loc":{"start":{"line":8,"column":31},"end":{"line":14,"column":null}},"line":8},"1":{"name":"(anonymous_1)","decl":{"start":{"line":17,"column":8},"end":{"line":17,"column":28}},"loc":{"start":{"line":17,"column":28},"end":{"line":17,"column":null}},"line":17},"2":{"name":"(anonymous_2)","decl":{"start":{"line":18,"column":8},"end":{"line":18,"column":31}},"loc":{"start":{"line":18,"column":31},"end":{"line":18,"column":null}},"line":18},"3":{"name":"(anonymous_3)","decl":{"start":{"line":19,"column":8},"end":{"line":19,"column":26}},"loc":{"start":{"line":19,"column":26},"end":{"line":19,"column":null}},"line":19}},"branchMap":{},"s":{"0":10,"1":10,"2":10,"3":10,"4":10,"5":10,"6":10},"f":{"0":10,"1":10,"2":10,"3":10},"b":{},"meta":{"lastBranch":0,"lastFunction":4,"lastStatement":7,"seen":{"f:8:4:8:16":0,"s:10:26:10:54":0,"s:12:8:12:Infinity":1,"s:13:8:13:Infinity":2,"s:14:8:14:Infinity":3,"f:17:8:17:28":1,"s:17:30:17:Infinity":4,"f:18:8:18:31":2,"s:18:33:18:Infinity":5,"f:19:8:19:26":3,"s:19:28:19:Infinity":6}}}
,"/Users/faustinoduran/Documents/Proyectos/carniceria-pos/services/backend/src/features/debts/models/debt.model.ts": {"path":"/Users/faustinoduran/Documents/Proyectos/carniceria-pos/services/backend/src/features/debts/models/debt.model.ts","statementMap":{"0":{"start":{"line":13,"column":26},"end":{"line":13,"column":48}},"1":{"start":{"line":14,"column":8},"end":{"line":14,"column":null}},"2":{"start":{"line":15,"column":8},"end":{"line":15,"column":null}},"3":{"start":{"line":16,"column":8},"end":{"line":16,"column":null}},"4":{"start":{"line":17,"column":8},"end":{"line":17,"column":null}},"5":{"start":{"line":18,"column":8},"end":{"line":18,"column":null}},"6":{"start":{"line":19,"column":8},"end":{"line":19,"column":null}},"7":{"start":{"line":22,"column":24},"end":{"line":22,"column":null}},"8":{"start":{"line":23,"column":28},"end":{"line":23,"column":null}},"9":{"start":{"line":24,"column":40},"end":{"line":24,"column":null}},"10":{"start":{"line":25,"column":30},"end":{"line":25,"column":null}},"11":{"start":{"line":26,"column":33},"end":{"line":26,"column":null}},"12":{"start":{"line":27,"column":28},"end":{"line":27,"column":null}}},"fnMap":{"0":{"name":"(anonymous_0)","decl":{"start":{"line":11,"column":4},"end":{"line":11,"column":16}},"loc":{"start":{"line":11,"column":31},"end":{"line":19,"column":null}},"line":11},"1":{"name":"(anonymous_1)","decl":{"start":{"line":22,"column":8},"end":{"line":22,"column":22}},"loc":{"start":{"line":22,"column":22},"end":{"line":22,"column":null}},"line":22},"2":{"name":"(anonymous_2)","decl":{"start":{"line":23,"column":8},"end":{"line":23,"column":27}},"loc":{"start":{"line":23,"column":27},"end":{"line":23,"column":null}},"line":23},"3":{"name":"(anonymous_3)","decl":{"start":{"line":24,"column":8},"end":{"line":24,"column":38}},"loc":{"start":{"line":24,"column":38},"end":{"line":24,"column":null}},"line":24},"4":{"name":"(anonymous_4)","decl":{"start":{"line":25,"column":8},"end":{"line":25,"column":28}},"loc":{"start":{"line":25,"column":28},"end":{"line":25,"column":null}},"line":25},"5":{"name":"(anonymous_5)","decl":{"start":{"line":26,"column":8},"end":{"line":26,"column":31}},"loc":{"start":{"line":26,"column":31},"end":{"line":26,"column":null}},"line":26},"6":{"name":"(anonymous_6)","decl":{"start":{"line":27,"column":8},"end":{"line":27,"column":26}},"loc":{"start":{"line":27,"column":26},"end":{"line":27,"column":null}},"line":27}},"branchMap":{},"s":{"0":20,"1":20,"2":20,"3":20,"4":20,"5":20,"6":20,"7":8,"8":1,"9":2,"10":1,"11":2,"12":2},"f":{"0":20,"1":8,"2":1,"3":2,"4":1,"5":2,"6":2},"b":{},"meta":{"lastBranch":0,"lastFunction":7,"lastStatement":13,"seen":{"f:11:4:11:16":0,"s:13:26:13:48":0,"s:14:8:14:Infinity":1,"s:15:8:15:Infinity":2,"s:16:8:16:Infinity":3,"s:17:8:17:Infinity":4,"s:18:8:18:Infinity":5,"s:19:8:19:Infinity":6,"f:22:8:22:22":1,"s:22:24:22:Infinity":7,"f:23:8:23:27":2,"s:23:28:23:Infinity":8,"f:24:8:24:38":3,"s:24:40:24:Infinity":9,"f:25:8:25:28":4,"s:25:30:25:Infinity":10,"f:26:8:26:31":5,"s:26:33:26:Infinity":11,"f:27:8:27:26":6,"s:27:28:27:Infinity":12}}}
,"/Users/faustinoduran/Documents/Proyectos/carniceria-pos/services/backend/src/features/debts/models/updateDebt.model.ts": {"path":"/Users/faustinoduran/Documents/Proyectos/carniceria-pos/services/backend/src/features/debts/models/updateDebt.model.ts","statementMap":{"0":{"start":{"line":9,"column":26},"end":{"line":9,"column":54}},"1":{"start":{"line":11,"column":8},"end":{"line":11,"column":null}},"2":{"start":{"line":12,"column":8},"end":{"line":12,"column":null}},"3":{"start":{"line":15,"column":28},"end":{"line":15,"column":null}},"4":{"start":{"line":16,"column":46},"end":{"line":16,"column":null}}},"fnMap":{"0":{"name":"(anonymous_0)","decl":{"start":{"line":7,"column":4},"end":{"line":7,"column":16}},"loc":{"start":{"line":7,"column":31},"end":{"line":12,"column":null}},"line":7},"1":{"name":"(anonymous_1)","decl":{"start":{"line":15,"column":8},"end":{"line":15,"column":26}},"loc":{"start":{"line":15,"column":26},"end":{"line":15,"column":null}},"line":15},"2":{"name":"(anonymous_2)","decl":{"start":{"line":16,"column":8},"end":{"line":16,"column":44}},"loc":{"start":{"line":16,"column":44},"end":{"line":16,"column":null}},"line":16}},"branchMap":{},"s":{"0":5,"1":5,"2":5,"3":5,"4":5},"f":{"0":5,"1":5,"2":5},"b":{},"meta":{"lastBranch":0,"lastFunction":3,"lastStatement":5,"seen":{"f:7:4:7:16":0,"s:9:26:9:54":0,"s:11:8:11:Infinity":1,"s:12:8:12:Infinity":2,"f:15:8:15:26":1,"s:15:28:15:Infinity":3,"f:16:8:16:44":2,"s:16:46:16:Infinity":4}}}
,"/Users/faustinoduran/Documents/Proyectos/carniceria-pos/services/backend/src/features/sales/sale.repository.ts": {"path":"/Users/faustinoduran/Documents/Proyectos/carniceria-pos/services/backend/src/features/sales/sale.repository.ts","statementMap":{"0":{"start":{"line":11,"column":37},"end":{"line":11,"column":39}},"1":{"start":{"line":12,"column":34},"end":{"line":12,"column":36}},"2":{"start":{"line":14,"column":8},"end":{"line":16,"column":null}},"3":{"start":{"line":15,"column":12},"end":{"line":15,"column":null}},"4":{"start":{"line":16,"column":12},"end":{"line":16,"column":null}},"5":{"start":{"line":19,"column":8},"end":{"line":24,"column":null}},"6":{"start":{"line":20,"column":12},"end":{"line":24,"column":null}},"7":{"start":{"line":21,"column":16},"end":{"line":21,"column":null}},"8":{"start":{"line":23,"column":16},"end":{"line":23,"column":null}},"9":{"start":{"line":24,"column":16},"end":{"line":24,"column":null}},"10":{"start":{"line":28,"column":8},"end":{"line":30,"column":null}},"11":{"start":{"line":29,"column":12},"end":{"line":29,"column":null}},"12":{"start":{"line":30,"column":12},"end":{"line":30,"column":null}},"13":{"start":{"line":33,"column":22},"end":{"line":35,"column":null}},"14":{"start":{"line":37,"column":25},"end":{"line":39,"column":null}},"15":{"start":{"line":42,"column":8},"end":{"line":42,"column":null}},"16":{"start":{"line":42,"column":24},"end":{"line":42,"column":52}},"17":{"start":{"line":46,"column":25},"end":{"line":47,"column":null}},"18":{"start":{"line":49,"column":8},"end":{"line":49,"column":null}},"19":{"start":{"line":53,"column":25},"end":{"line":55,"column":null}},"20":{"start":{"line":57,"column":8},"end":{"line":57,"column":null}},"21":{"start":{"line":61,"column":29},"end":{"line":62,"column":null}},"22":{"start":{"line":64,"column":8},"end":{"line":64,"column":null}},"23":{"start":{"line":68,"column":29},"end":{"line":69,"column":null}},"24":{"start":{"line":71,"column":8},"end":{"line":71,"column":null}},"25":{"start":{"line":75,"column":30},"end":{"line":75,"column":50}}},"fnMap":{"0":{"name":"(anonymous_0)","decl":{"start":{"line":9,"column":10},"end":{"line":9,"column":17}},"loc":{"start":{"line":9,"column":57},"end":{"line":42,"column":null}},"line":9},"1":{"name":"(anonymous_1)","decl":{"start":{"line":42,"column":20},"end":{"line":42,"column":24}},"loc":{"start":{"line":42,"column":24},"end":{"line":42,"column":52}},"line":42},"2":{"name":"(anonymous_2)","decl":{"start":{"line":45,"column":10},"end":{"line":45,"column":19}},"loc":{"start":{"line":45,"column":57},"end":{"line":49,"column":null}},"line":45},"3":{"name":"(anonymous_3)","decl":{"start":{"line":52,"column":10},"end":{"line":52,"column":18}},"loc":{"start":{"line":52,"column":51},"end":{"line":57,"column":null}},"line":52},"4":{"name":"(anonymous_4)","decl":{"start":{"line":60,"column":10},"end":{"line":60,"column":18}},"loc":{"start":{"line":60,"column":53},"end":{"line":64,"column":null}},"line":60},"5":{"name":"(anonymous_5)","decl":{"start":{"line":67,"column":10},"end":{"line":67,"column":21}},"loc":{"start":{"line":67,"column":83},"end":{"line":71,"column":null}},"line":67}},"branchMap":{"0":{"loc":{"start":{"line":14,"column":8},"end":{"line":16,"column":null}},"type":"if","locations":[{"start":{"line":14,"column":8},"end":{"line":16,"column":null}},{"start":{},"end":{}}],"line":14},"1":{"loc":{"start":{"line":19,"column":8},"end":{"line":24,"column":null}},"type":"if","locations":[{"start":{"line":19,"column":8},"end":{"line":24,"column":null}},{"start":{},"end":{}}],"line":19},"2":{"loc":{"start":{"line":20,"column":12},"end":{"line":24,"column":null}},"type":"if","locations":[{"start":{"line":20,"column":12},"end":{"line":24,"column":null}},{"start":{"line":22,"column":19},"end":{"line":24,"column":null}}],"line":20},"3":{"loc":{"start":{"line":28,"column":8},"end":{"line":30,"column":null}},"type":"if","locations":[{"start":{"line":28,"column":8},"end":{"line":30,"column":null}},{"start":{},"end":{}}],"line":28},"4":{"loc":{"start":{"line":33,"column":22},"end":{"line":35,"column":null}},"type":"cond-expr","locations":[{"start":{"line":34,"column":14},"end":{"line":34,"column":null}},{"start":{"line":35,"column":14},"end":{"line":35,"column":null}}],"line":33},"5":{"loc":{"start":{"line":49,"column":15},"end":{"line":49,"column":null}},"type":"cond-expr","locations":[{"start":{"line":49,"column":29},"end":{"line":49,"column":59}},{"start":{"line":49,"column":62},"end":{"line":49,"column":null}}],"line":49},"6":{"loc":{"start":{"line":64,"column":16},"end":{"line":64,"column":33}},"type":"binary-expr","locations":[{"start":{"line":64,"column":16},"end":{"line":64,"column":28}},{"start":{"line":64,"column":28},"end":{"line":64,"column":33}}],"line":64},"7":{"loc":{"start":{"line":71,"column":16},"end":{"line":71,"column":33}},"type":"binary-expr","locations":[{"start":{"line":71,"column":16},"end":{"line":71,"column":28}},{"start":{"line":71,"column":28},"end":{"line":71,"column":33}}],"line":71}},"s":{"0":0,"1":0,"2":0,"3":0,"4":0,"5":0,"6":0,"7":0,"8":0,"9":0,"10":0,"11":0,"12":0,"13":0,"14":0,"15":0,"16":0,"17":0,"18":0,"19":10,"20":10,"21":0,"22":0,"23":0,"24":0,"25":2},"f":{"0":0,"1":0,"2":0,"3":10,"4":0,"5":0},"b":{"0":[0,0],"1":[0,0],"2":[0,0],"3":[0,0],"4":[0,0],"5":[0,0],"6":[0,0],"7":[0,0]},"meta":{"lastBranch":8,"lastFunction":6,"lastStatement":26,"seen":{"f:9:10:9:17":0,"s:11:37:11:39":0,"s:12:34:12:36":1,"b:14:8:16:Infinity:undefined:undefined:undefined:undefined":0,"s:14:8:16:Infinity":2,"s:15:12:15:Infinity":3,"s:16:12:16:Infinity":4,"b:19:8:24:Infinity:undefined:undefined:undefined:undefined":1,"s:19:8:24:Infinity":5,"b:20:12:24:Infinity:22:19:24:Infinity":2,"s:20:12:24:Infinity":6,"s:21:16:21:Infinity":7,"s:23:16:23:Infinity":8,"s:24:16:24:Infinity":9,"b:28:8:30:Infinity:undefined:undefined:undefined:undefined":3,"s:28:8:30:Infinity":10,"s:29:12:29:Infinity":11,"s:30:12:30:Infinity":12,"s:33:22:35:Infinity":13,"b:34:14:34:Infinity:35:14:35:Infinity":4,"s:37:25:39:Infinity":14,"s:42:8:42:Infinity":15,"f:42:20:42:24":1,"s:42:24:42:52":16,"f:45:10:45:19":2,"s:46:25:47:Infinity":17,"s:49:8:49:Infinity":18,"b:49:29:49:59:49:62:49:Infinity":5,"f:52:10:52:18":3,"s:53:25:55:Infinity":19,"s:57:8:57:Infinity":20,"f:60:10:60:18":4,"s:61:29:62:Infinity":21,"s:64:8:64:Infinity":22,"b:64:16:64:28:64:28:64:33":6,"f:67:10:67:21":5,"s:68:29:69:Infinity":23,"s:71:8:71:Infinity":24,"b:71:16:71:28:71:28:71:33":7,"s:75:30:75:50":25}}}
,"/Users/faustinoduran/Documents/Proyectos/carniceria-pos/services/backend/src/features/sales/models/sale.dto.ts": {"path":"/Users/faustinoduran/Documents/Proyectos/carniceria-pos/services/backend/src/features/sales/models/sale.dto.ts","statementMap":{"0":{"start":{"line":10,"column":26},"end":{"line":10,"column":55}},"1":{"start":{"line":12,"column":8},"end":{"line":12,"column":null}},"2":{"start":{"line":13,"column":8},"end":{"line":13,"column":null}},"3":{"start":{"line":14,"column":8},"end":{"line":14,"column":null}},"4":{"start":{"line":17,"column":32},"end":{"line":17,"column":null}},"5":{"start":{"line":18,"column":39},"end":{"line":18,"column":null}},"6":{"start":{"line":19,"column":54},"end":{"line":19,"column":null}}},"fnMap":{"0":{"name":"(anonymous_0)","decl":{"start":{"line":8,"column":4},"end":{"line":8,"column":16}},"loc":{"start":{"line":8,"column":31},"end":{"line":14,"column":null}},"line":8},"1":{"name":"(anonymous_1)","decl":{"start":{"line":17,"column":8},"end":{"line":17,"column":30}},"loc":{"start":{"line":17,"column":30},"end":{"line":17,"column":null}},"line":17},"2":{"name":"(anonymous_2)","decl":{"start":{"line":18,"column":8},"end":{"line":18,"column":37}},"loc":{"start":{"line":18,"column":37},"end":{"line":18,"column":null}},"line":18},"3":{"name":"(anonymous_3)","decl":{"start":{"line":19,"column":8},"end":{"line":19,"column":52}},"loc":{"start":{"line":19,"column":52},"end":{"line":19,"column":null}},"line":19}},"branchMap":{},"s":{"0":10,"1":10,"2":10,"3":10,"4":10,"5":10,"6":10},"f":{"0":10,"1":10,"2":10,"3":10},"b":{},"meta":{"lastBranch":0,"lastFunction":4,"lastStatement":7,"seen":{"f:8:4:8:16":0,"s:10:26:10:55":0,"s:12:8:12:Infinity":1,"s:13:8:13:Infinity":2,"s:14:8:14:Infinity":3,"f:17:8:17:30":1,"s:17:32:17:Infinity":4,"f:18:8:18:37":2,"s:18:39:18:Infinity":5,"f:19:8:19:52":3,"s:19:54:19:Infinity":6}}}
,"/Users/faustinoduran/Documents/Proyectos/carniceria-pos/services/backend/src/features/sales/models/sale.model.ts": {"path":"/Users/faustinoduran/Documents/Proyectos/carniceria-pos/services/backend/src/features/sales/models/sale.model.ts","statementMap":{"0":{"start":{"line":14,"column":26},"end":{"line":14,"column":49}},"1":{"start":{"line":16,"column":8},"end":{"line":16,"column":null}},"2":{"start":{"line":17,"column":8},"end":{"line":17,"column":null}},"3":{"start":{"line":18,"column":8},"end":{"line":18,"column":null}},"4":{"start":{"line":19,"column":8},"end":{"line":19,"column":null}},"5":{"start":{"line":20,"column":8},"end":{"line":20,"column":null}},"6":{"start":{"line":21,"column":8},"end":{"line":21,"column":null}},"7":{"start":{"line":24,"column":32},"end":{"line":24,"column":null}},"8":{"start":{"line":25,"column":39},"end":{"line":25,"column":null}},"9":{"start":{"line":26,"column":48},"end":{"line":26,"column":null}},"10":{"start":{"line":27,"column":23},"end":{"line":27,"column":null}},"11":{"start":{"line":28,"column":36},"end":{"line":28,"column":null}},"12":{"start":{"line":29,"column":29},"end":{"line":29,"column":null}}},"fnMap":{"0":{"name":"(anonymous_0)","decl":{"start":{"line":12,"column":4},"end":{"line":12,"column":16}},"loc":{"start":{"line":12,"column":31},"end":{"line":21,"column":null}},"line":12},"1":{"name":"(anonymous_1)","decl":{"start":{"line":24,"column":8},"end":{"line":24,"column":30}},"loc":{"start":{"line":24,"column":30},"end":{"line":24,"column":null}},"line":24},"2":{"name":"(anonymous_2)","decl":{"start":{"line":25,"column":8},"end":{"line":25,"column":37}},"loc":{"start":{"line":25,"column":37},"end":{"line":25,"column":null}},"line":25},"3":{"name":"(anonymous_3)","decl":{"start":{"line":26,"column":8},"end":{"line":26,"column":46}},"loc":{"start":{"line":26,"column":46},"end":{"line":26,"column":null}},"line":26},"4":{"name":"(anonymous_4)","decl":{"start":{"line":27,"column":8},"end":{"line":27,"column":21}},"loc":{"start":{"line":27,"column":21},"end":{"line":27,"column":null}},"line":27},"5":{"name":"(anonymous_5)","decl":{"start":{"line":28,"column":8},"end":{"line":28,"column":34}},"loc":{"start":{"line":28,"column":34},"end":{"line":28,"column":null}},"line":28},"6":{"name":"(anonymous_6)","decl":{"start":{"line":29,"column":8},"end":{"line":29,"column":27}},"loc":{"start":{"line":29,"column":27},"end":{"line":29,"column":null}},"line":29}},"branchMap":{},"s":{"0":10,"1":10,"2":10,"3":10,"4":10,"5":10,"6":10,"7":0,"8":0,"9":0,"10":11,"11":0,"12":0},"f":{"0":10,"1":0,"2":0,"3":0,"4":11,"5":0,"6":0},"b":{},"meta":{"lastBranch":0,"lastFunction":7,"lastStatement":13,"seen":{"f:12:4:12:16":0,"s:14:26:14:49":0,"s:16:8:16:Infinity":1,"s:17:8:17:Infinity":2,"s:18:8:18:Infinity":3,"s:19:8:19:Infinity":4,"s:20:8:20:Infinity":5,"s:21:8:21:Infinity":6,"f:24:8:24:30":1,"s:24:32:24:Infinity":7,"f:25:8:25:37":2,"s:25:39:25:Infinity":8,"f:26:8:26:46":3,"s:26:48:26:Infinity":9,"f:27:8:27:21":4,"s:27:23:27:Infinity":10,"f:28:8:28:34":5,"s:28:36:28:Infinity":11,"f:29:8:29:27":6,"s:29:29:29:Infinity":12}}}
,"/Users/faustinoduran/Documents/Proyectos/carniceria-pos/services/backend/src/shared/mappers.helper.ts": {"path":"/Users/faustinoduran/Documents/Proyectos/carniceria-pos/services/backend/src/shared/mappers.helper.ts","statementMap":{"0":{"start":{"line":2,"column":4},"end":{"line":2,"column":null}}},"fnMap":{"0":{"name":"mapToModel","decl":{"start":{"line":1,"column":16},"end":{"line":1,"column":30}},"loc":{"start":{"line":1,"column":80},"end":{"line":2,"column":null}},"line":1}},"branchMap":{},"s":{"0":52},"f":{"0":52},"b":{},"meta":{"lastBranch":0,"lastFunction":1,"lastStatement":1,"seen":{"f:1:16:1:30":0,"s:2:4:2:Infinity":0}}}
}
