{"/Users/faustinoduran/Documents/Proyectos/carniceria-pos/services/backend/src/config.ts": {"path":"/Users/faustinoduran/Documents/Proyectos/carniceria-pos/services/backend/src/config.ts","statementMap":{"0":{"start":{"line":3,"column":6},"end":{"line":3,"column":null}},"1":{"start":{"line":4,"column":0},"end":{"line":4,"column":null}},"2":{"start":{"line":6,"column":22},"end":{"line":13,"column":null}}},"fnMap":{},"branchMap":{"0":{"loc":{"start":{"line":3,"column":6},"end":{"line":3,"column":null}},"type":"cond-expr","locations":[{"start":{"line":3,"column":50},"end":{"line":3,"column":64}},{"start":{"line":3,"column":64},"end":{"line":3,"column":null}}],"line":3},"1":{"loc":{"start":{"line":7,"column":8},"end":{"line":7,"column":null}},"type":"binary-expr","locations":[{"start":{"line":7,"column":8},"end":{"line":7,"column":28}},{"start":{"line":7,"column":28},"end":{"line":7,"column":null}}],"line":7},"2":{"loc":{"start":{"line":9,"column":10},"end":{"line":9,"column":null}},"type":"binary-expr","locations":[{"start":{"line":9,"column":10},"end":{"line":9,"column":33}},{"start":{"line":9,"column":33},"end":{"line":9,"column":null}}],"line":9},"3":{"loc":{"start":{"line":10,"column":10},"end":{"line":10,"column":null}},"type":"binary-expr","locations":[{"start":{"line":10,"column":10},"end":{"line":10,"column":37}},{"start":{"line":10,"column":41},"end":{"line":10,"column":null}}],"line":10},"4":{"loc":{"start":{"line":11,"column":14},"end":{"line":11,"column":null}},"type":"binary-expr","locations":[{"start":{"line":11,"column":14},"end":{"line":11,"column":37}},{"start":{"line":11,"column":37},"end":{"line":11,"column":null}}],"line":11},"5":{"loc":{"start":{"line":12,"column":10},"end":{"line":12,"column":null}},"type":"binary-expr","locations":[{"start":{"line":12,"column":10},"end":{"line":12,"column":33}},{"start":{"line":12,"column":33},"end":{"line":12,"column":null}}],"line":12},"6":{"loc":{"start":{"line":13,"column":14},"end":{"line":13,"column":null}},"type":"binary-expr","locations":[{"start":{"line":13,"column":14},"end":{"line":13,"column":41}},{"start":{"line":13,"column":41},"end":{"line":13,"column":null}}],"line":13}},"s":{"0":1,"1":1,"2":1},"f":{},"b":{"0":[1,0],"1":[1,1],"2":[1,0],"3":[1,0],"4":[1,0],"5":[1,0],"6":[1,0]},"meta":{"lastBranch":7,"lastFunction":0,"lastStatement":3,"seen":{"s:3:6:3:Infinity":0,"b:3:50:3:64:3:64:3:Infinity":0,"s:4:0:4:Infinity":1,"s:6:22:13:Infinity":2,"b:7:8:7:28:7:28:7:Infinity":1,"b:9:10:9:33:9:33:9:Infinity":2,"b:10:10:10:37:10:41:10:Infinity":3,"b:11:14:11:37:11:37:11:Infinity":4,"b:12:10:12:33:12:33:12:Infinity":5,"b:13:14:13:41:13:41:13:Infinity":6}}}
,"/Users/faustinoduran/Documents/Proyectos/carniceria-pos/services/backend/src/db.ts": {"path":"/Users/faustinoduran/Documents/Proyectos/carniceria-pos/services/backend/src/db.ts","statementMap":{"0":{"start":{"line":4,"column":20},"end":{"line":4,"column":39}},"1":{"start":{"line":6,"column":0},"end":{"line":9,"column":null}},"2":{"start":{"line":7,"column":4},"end":{"line":7,"column":null}},"3":{"start":{"line":8,"column":4},"end":{"line":8,"column":null}}},"fnMap":{"0":{"name":"(anonymous_0)","decl":{"start":{"line":6,"column":8},"end":{"line":6,"column":17}},"loc":{"start":{"line":6,"column":25},"end":{"line":9,"column":null}},"line":6}},"branchMap":{},"s":{"0":1,"1":1,"2":0,"3":0},"f":{"0":0},"b":{},"meta":{"lastBranch":0,"lastFunction":1,"lastStatement":4,"seen":{"s:4:20:4:39":0,"s:6:0:9:Infinity":1,"f:6:8:6:17":0,"s:7:4:7:Infinity":2,"s:8:4:8:Infinity":3}}}
,"/Users/faustinoduran/Documents/Proyectos/carniceria-pos/services/backend/src/__tests__/helpers/cleanDatabase.ts": {"path":"/Users/faustinoduran/Documents/Proyectos/carniceria-pos/services/backend/src/__tests__/helpers/cleanDatabase.ts","statementMap":{"0":{"start":{"line":4,"column":2},"end":{"line":4,"column":null}},"1":{"start":{"line":5,"column":2},"end":{"line":5,"column":null}},"2":{"start":{"line":6,"column":2},"end":{"line":6,"column":null}},"3":{"start":{"line":7,"column":2},"end":{"line":7,"column":null}},"4":{"start":{"line":8,"column":2},"end":{"line":8,"column":null}}},"fnMap":{"0":{"name":"cleanDatabase","decl":{"start":{"line":3,"column":22},"end":{"line":3,"column":38}},"loc":{"start":{"line":3,"column":38},"end":{"line":8,"column":null}},"line":3}},"branchMap":{},"s":{"0":1,"1":1,"2":1,"3":1,"4":1},"f":{"0":1},"b":{},"meta":{"lastBranch":0,"lastFunction":1,"lastStatement":5,"seen":{"f:3:22:3:38":0,"s:4:2:4:Infinity":0,"s:5:2:5:Infinity":1,"s:6:2:6:Infinity":2,"s:7:2:7:Infinity":3,"s:8:2:8:Infinity":4}}}
}
